        -:    0:Source:C:/Users/henri/Documents/GitHub/BAP-Rover-Deployment-Software-System/test/TestingRepositoryBEP/Google_tests/all_tests.cpp
        -:    0:Graph:C:\Users\henri\Documents\GitHub\BAP-Rover-Deployment-Software-System\test\TestingRepositoryBEP\cmake-build-debug-coverage-1\Google_tests\CMakeFiles\Google_Tests_run.dir\all_tests.cpp.gcno
        -:    0:Data:C:\Users\henri\Documents\GitHub\BAP-Rover-Deployment-Software-System\test\TestingRepositoryBEP\cmake-build-debug-coverage-1\Google_tests\CMakeFiles\Google_Tests_run.dir\all_tests.cpp.gcda
        -:    0:Runs:1
        -:    1://
        -:    2:// Created by henri on 16/06/2024.
        -:    3://
        -:    4:/*
        -:    5: * convert_array_to_message_tests.cpp file
        -:    6: *
        -:    7: * Testing file for the `convert_array_to_message` method. Multiple tests are executed here to demonstrate that the method behaves as expected.
        -:    8: * Created by Henri Vanhuynegem on 07/06/2024.
        -:    9: * Last edited: 10/06/2024.
        -:   10: *
        -:   11: * Tests:
        -:   12: * - Normal test: Verify a normal array is correctly converted to a message.
        -:   13: * - Length smaller than five: Handle an array that is smaller than length 5.
        -:   14: * - Start byte test: Ensure the start byte is correctly placed in the message.
        -:   15: * - Message type test: Verify the message type is correctly placed in the message.
        -:   16: * - Message length test: Ensure the message length is correctly placed in the message.
        -:   17: * - Message length longer than max payload size: Ensure that the message length longer than payload size is handled.
        -:   18: * - Message length smaller than zero: Handle the case where the message length is smaller than zero.
        -:   19: * - Empty payload test: Handle conversion when the payload is empty.
        -:   20: * - Checksum test: Verify the checksum is correctly placed in the message.
        -:   21: * - End byte test: Ensure the end byte is correctly placed in the message.
        -:   22: * - Checksum verification test: Check whether the checksum is correct.
        -:   23: */
        -:   24:
        -:   25:#include "gtest/gtest.h"
        -:   26:#include "lander_communication.h"
        -:   27:
        4:   28:TEST(convertArrayToMessageTestSuite, normalTest) {
        -:   29:    // input buffer
        1:   30:    uint8_t input_buffer[] = {0x7E, 0x01, 0x04, 0x74, 0x65, 0x73, 0x74, 0x13, 0x7F};
        1:   31:    uint16_t input_length = sizeof(input_buffer) / sizeof(input_buffer[0]);
        -:   32:
        -:   33:    // expected message
        -:   34:    Message expected_msg;
        1:   35:    expected_msg.start_byte = 0x7E;
        1:   36:    expected_msg.msg_type = 0x01;
        1:   37:    expected_msg.length = 0x04;
        1:   38:    uint8_t expected_payload[] = {0x74, 0x65, 0x73, 0x74};
        1:   39:    memcpy(expected_msg.payload, expected_payload, expected_msg.length);
        1:   40:    expected_msg.checksum = 0x13;
        1:   41:    expected_msg.end_byte = 0x7F;
        -:   42:
        -:   43:    // actual message
        -:   44:    Message actual_msg;
        1:   45:    bool result = convert_array_to_message(input_buffer, input_length, &actual_msg);
        -:   46:
       1*:   47:    EXPECT_EQ(expected_msg.start_byte, actual_msg.start_byte);
       1*:   48:    EXPECT_EQ(expected_msg.msg_type, actual_msg.msg_type);
       1*:   49:    EXPECT_EQ(expected_msg.length, actual_msg.length);
       1*:   50:    EXPECT_EQ(0, memcmp(expected_msg.payload, actual_msg.payload, expected_msg.length));
       1*:   51:    EXPECT_EQ(expected_msg.checksum, actual_msg.checksum);
       1*:   52:    EXPECT_EQ(expected_msg.end_byte, actual_msg.end_byte);
        1:   53:}
------------------
_ZN46convertArrayToMessageTestSuite_normalTest_TestC1Ev:
function _ZN46convertArrayToMessageTestSuite_normalTest_TestC1Ev called 1 returned 100% blocks executed 100%
        1:   28:TEST(convertArrayToMessageTestSuite, normalTest) {
        1:   28-block  0
call    0 returned 1
------------------
_ZN46convertArrayToMessageTestSuite_normalTest_TestD0Ev:
function _ZN46convertArrayToMessageTestSuite_normalTest_TestD0Ev called 1 returned 100% blocks executed 100%
        1:   28:TEST(convertArrayToMessageTestSuite, normalTest) {
        1:   28-block  0
call    0 returned 1
call    1 returned 1
------------------
_ZN46convertArrayToMessageTestSuite_normalTest_TestD1Ev:
function _ZN46convertArrayToMessageTestSuite_normalTest_TestD1Ev called 1 returned 100% blocks executed 100%
        1:   28:TEST(convertArrayToMessageTestSuite, normalTest) {
        1:   28-block  0
call    0 returned 1
------------------
_ZN46convertArrayToMessageTestSuite_normalTest_Test8TestBodyEv:
function _ZN46convertArrayToMessageTestSuite_normalTest_Test8TestBodyEv called 1 returned 100% blocks executed 22%
        1:   28:TEST(convertArrayToMessageTestSuite, normalTest) {
        -:   29:    // input buffer
        1:   30:    uint8_t input_buffer[] = {0x7E, 0x01, 0x04, 0x74, 0x65, 0x73, 0x74, 0x13, 0x7F};
        1:   31:    uint16_t input_length = sizeof(input_buffer) / sizeof(input_buffer[0]);
        -:   32:
        -:   33:    // expected message
        -:   34:    Message expected_msg;
        1:   35:    expected_msg.start_byte = 0x7E;
        1:   36:    expected_msg.msg_type = 0x01;
        1:   37:    expected_msg.length = 0x04;
        1:   38:    uint8_t expected_payload[] = {0x74, 0x65, 0x73, 0x74};
        1:   39:    memcpy(expected_msg.payload, expected_payload, expected_msg.length);
        1:   40:    expected_msg.checksum = 0x13;
        1:   41:    expected_msg.end_byte = 0x7F;
        -:   42:
        -:   43:    // actual message
        -:   44:    Message actual_msg;
        1:   45:    bool result = convert_array_to_message(input_buffer, input_length, &actual_msg);
        1:   45-block  0
call    0 returned 1
branch  1 taken 1 (fallthrough)
branch  2 taken 0 (throw)
        -:   46:
       1*:   47:    EXPECT_EQ(expected_msg.start_byte, actual_msg.start_byte);
        1:   47-block  0
call    0 returned 1
branch  1 taken 1 (fallthrough)
branch  2 taken 0 (throw)
        1:   47-block  1
call    3 returned 1
branch  4 taken 0 (fallthrough)
branch  5 taken 1
    %%%%%:   47-block  2
call    6 never executed
branch  7 never executed (fallthrough)
branch  8 never executed (throw)
    %%%%%:   47-block  3
call    9 never executed
call   10 never executed
branch 11 never executed (fallthrough)
branch 12 never executed (throw)
    %%%%%:   47-block  4
call   13 never executed
branch 14 never executed (fallthrough)
branch 15 never executed (throw)
    %%%%%:   47-block  5
call   16 never executed
call   17 never executed
        1:   47-block  6
call   18 returned 1
    $$$$$:   47-block  7
call   19 never executed
    $$$$$:   47-block  8
    $$$$$:   47-block  9
call   20 never executed
    $$$$$:   47-block 10
    $$$$$:   47-block 11
call   21 never executed
       1*:   48:    EXPECT_EQ(expected_msg.msg_type, actual_msg.msg_type);
call    0 returned 1
branch  1 taken 1 (fallthrough)
branch  2 taken 0 (throw)
        1:   48-block  0
call    3 returned 1
branch  4 taken 0 (fallthrough)
branch  5 taken 1
    %%%%%:   48-block  1
call    6 never executed
branch  7 never executed (fallthrough)
branch  8 never executed (throw)
    %%%%%:   48-block  2
call    9 never executed
call   10 never executed
branch 11 never executed (fallthrough)
branch 12 never executed (throw)
    %%%%%:   48-block  3
call   13 never executed
branch 14 never executed (fallthrough)
branch 15 never executed (throw)
    %%%%%:   48-block  4
call   16 never executed
call   17 never executed
        1:   48-block  5
call   18 returned 1
    $$$$$:   48-block  6
call   19 never executed
    $$$$$:   48-block  7
    $$$$$:   48-block  8
call   20 never executed
    $$$$$:   48-block  9
    $$$$$:   48-block 10
call   21 never executed
       1*:   49:    EXPECT_EQ(expected_msg.length, actual_msg.length);
call    0 returned 1
branch  1 taken 1 (fallthrough)
branch  2 taken 0 (throw)
        1:   49-block  0
call    3 returned 1
branch  4 taken 0 (fallthrough)
branch  5 taken 1
    %%%%%:   49-block  1
call    6 never executed
branch  7 never executed (fallthrough)
branch  8 never executed (throw)
    %%%%%:   49-block  2
call    9 never executed
call   10 never executed
branch 11 never executed (fallthrough)
branch 12 never executed (throw)
    %%%%%:   49-block  3
call   13 never executed
branch 14 never executed (fallthrough)
branch 15 never executed (throw)
    %%%%%:   49-block  4
call   16 never executed
call   17 never executed
        1:   49-block  5
call   18 returned 1
    $$$$$:   49-block  6
call   19 never executed
    $$$$$:   49-block  7
    $$$$$:   49-block  8
call   20 never executed
    $$$$$:   49-block  9
    $$$$$:   49-block 10
call   21 never executed
       1*:   50:    EXPECT_EQ(0, memcmp(expected_msg.payload, actual_msg.payload, expected_msg.length));
call    0 returned 1
branch  1 taken 1 (fallthrough)
branch  2 taken 0 (throw)
        1:   50-block  0
call    3 returned 1
branch  4 taken 0 (fallthrough)
branch  5 taken 1
    %%%%%:   50-block  1
call    6 never executed
branch  7 never executed (fallthrough)
branch  8 never executed (throw)
    %%%%%:   50-block  2
call    9 never executed
call   10 never executed
branch 11 never executed (fallthrough)
branch 12 never executed (throw)
    %%%%%:   50-block  3
call   13 never executed
branch 14 never executed (fallthrough)
branch 15 never executed (throw)
    %%%%%:   50-block  4
call   16 never executed
call   17 never executed
        1:   50-block  5
call   18 returned 1
    $$$$$:   50-block  6
    $$$$$:   50-block  7
    $$$$$:   50-block  8
call   19 never executed
    $$$$$:   50-block  9
    $$$$$:   50-block 10
call   20 never executed
    $$$$$:   50-block 11
    $$$$$:   50-block 12
call   21 never executed
       1*:   51:    EXPECT_EQ(expected_msg.checksum, actual_msg.checksum);
call    0 returned 1
branch  1 taken 1 (fallthrough)
branch  2 taken 0 (throw)
        1:   51-block  0
call    3 returned 1
branch  4 taken 0 (fallthrough)
branch  5 taken 1
    %%%%%:   51-block  1
call    6 never executed
branch  7 never executed (fallthrough)
branch  8 never executed (throw)
    %%%%%:   51-block  2
call    9 never executed
call   10 never executed
branch 11 never executed (fallthrough)
branch 12 never executed (throw)
    %%%%%:   51-block  3
call   13 never executed
branch 14 never executed (fallthrough)
branch 15 never executed (throw)
    %%%%%:   51-block  4
call   16 never executed
call   17 never executed
        1:   51-block  5
call   18 returned 1
    $$$$$:   51-block  6
call   19 never executed
    $$$$$:   51-block  7
    $$$$$:   51-block  8
call   20 never executed
    $$$$$:   51-block  9
    $$$$$:   51-block 10
call   21 never executed
       1*:   52:    EXPECT_EQ(expected_msg.end_byte, actual_msg.end_byte);
call    0 returned 1
branch  1 taken 1 (fallthrough)
branch  2 taken 0 (throw)
        1:   52-block  0
call    3 returned 1
branch  4 taken 0 (fallthrough)
branch  5 taken 1
    %%%%%:   52-block  1
call    6 never executed
branch  7 never executed (fallthrough)
branch  8 never executed (throw)
    %%%%%:   52-block  2
call    9 never executed
call   10 never executed
branch 11 never executed (fallthrough)
branch 12 never executed (throw)
    %%%%%:   52-block  3
call   13 never executed
branch 14 never executed (fallthrough)
branch 15 never executed (throw)
    %%%%%:   52-block  4
call   16 never executed
call   17 never executed
        1:   52-block  5
call   18 returned 1
    $$$$$:   52-block  6
call   19 never executed
    $$$$$:   52-block  7
    $$$$$:   52-block  8
call   20 never executed
    $$$$$:   52-block  9
    $$$$$:   52-block 10
call   21 never executed
        1:   53:}
------------------
        -:   54:
        -:   55:
        4:   56:TEST(convertArrayToMessageTestSuite, lengthSmallerThanFiveTest) {
        -:   57:    // input buffer
        1:   58:    uint8_t input_buffer[] = {0x7E, 0x01, 0x04};
        1:   59:    uint16_t input_length = sizeof(input_buffer) / sizeof(input_buffer[0]);
        -:   60:
        -:   61:    // actual message
        -:   62:    Message actual_msg;
        1:   63:    bool result = convert_array_to_message(input_buffer, input_length, &actual_msg);
        -:   64:
       1*:   65:    EXPECT_FALSE(result);
        1:   66:}
------------------
_ZN61convertArrayToMessageTestSuite_lengthSmallerThanFiveTest_TestC1Ev:
function _ZN61convertArrayToMessageTestSuite_lengthSmallerThanFiveTest_TestC1Ev called 1 returned 100% blocks executed 100%
        1:   56:TEST(convertArrayToMessageTestSuite, lengthSmallerThanFiveTest) {
        1:   56-block  0
call    0 returned 1
------------------
_ZN61convertArrayToMessageTestSuite_lengthSmallerThanFiveTest_TestD0Ev:
function _ZN61convertArrayToMessageTestSuite_lengthSmallerThanFiveTest_TestD0Ev called 1 returned 100% blocks executed 100%
        1:   56:TEST(convertArrayToMessageTestSuite, lengthSmallerThanFiveTest) {
        1:   56-block  0
call    0 returned 1
call    1 returned 1
------------------
_ZN61convertArrayToMessageTestSuite_lengthSmallerThanFiveTest_TestD1Ev:
function _ZN61convertArrayToMessageTestSuite_lengthSmallerThanFiveTest_TestD1Ev called 1 returned 100% blocks executed 100%
        1:   56:TEST(convertArrayToMessageTestSuite, lengthSmallerThanFiveTest) {
        1:   56-block  0
call    0 returned 1
------------------
_ZN61convertArrayToMessageTestSuite_lengthSmallerThanFiveTest_Test8TestBodyEv:
function _ZN61convertArrayToMessageTestSuite_lengthSmallerThanFiveTest_Test8TestBodyEv called 1 returned 100% blocks executed 25%
        1:   56:TEST(convertArrayToMessageTestSuite, lengthSmallerThanFiveTest) {
        -:   57:    // input buffer
        1:   58:    uint8_t input_buffer[] = {0x7E, 0x01, 0x04};
        1:   59:    uint16_t input_length = sizeof(input_buffer) / sizeof(input_buffer[0]);
        -:   60:
        -:   61:    // actual message
        -:   62:    Message actual_msg;
        1:   63:    bool result = convert_array_to_message(input_buffer, input_length, &actual_msg);
        1:   63-block  0
call    0 returned 1
branch  1 taken 1 (fallthrough)
branch  2 taken 0 (throw)
        -:   64:
       1*:   65:    EXPECT_FALSE(result);
        1:   65-block  0
call    0 returned 1
call    1 returned 1
branch  2 taken 0 (fallthrough)
branch  3 taken 1
    %%%%%:   65-block  1
call    4 never executed
branch  5 never executed (fallthrough)
branch  6 never executed (throw)
    %%%%%:   65-block  2
call    7 never executed
branch  8 never executed (fallthrough)
branch  9 never executed (throw)
    %%%%%:   65-block  3
call   10 never executed
call   11 never executed
branch 12 never executed (fallthrough)
branch 13 never executed (throw)
    %%%%%:   65-block  4
call   14 never executed
branch 15 never executed (fallthrough)
branch 16 never executed (throw)
    %%%%%:   65-block  5
call   17 never executed
call   18 never executed
call   19 never executed
        1:   65-block  6
call   20 returned 1
    $$$$$:   65-block  7
call   21 never executed
    $$$$$:   65-block  8
call   22 never executed
    $$$$$:   65-block  9
    $$$$$:   65-block 10
    $$$$$:   65-block 11
call   23 never executed
    $$$$$:   65-block 12
    $$$$$:   65-block 13
call   24 never executed
        1:   66:}
------------------
        -:   67:
        4:   68:TEST(convertArrayToMessageTestSuite, startByteTest) {
        -:   69:    // input buffer
        1:   70:    uint8_t input_buffer[] = {0x7E, 0x01, 0x04, 0x74, 0x65, 0x73, 0x74, 0x13, 0x7F};
        1:   71:    uint16_t input_length = sizeof(input_buffer) / sizeof(input_buffer[0]);
        -:   72:
        -:   73:    // actual message
        -:   74:    Message actual_msg;
        1:   75:    bool result = convert_array_to_message(input_buffer, input_length, &actual_msg);
        -:   76:
       1*:   77:    EXPECT_TRUE(result);
       1*:   78:    EXPECT_EQ(0x7E, actual_msg.start_byte);
        1:   79:}
------------------
_ZN49convertArrayToMessageTestSuite_startByteTest_TestC1Ev:
function _ZN49convertArrayToMessageTestSuite_startByteTest_TestC1Ev called 1 returned 100% blocks executed 100%
        1:   68:TEST(convertArrayToMessageTestSuite, startByteTest) {
        1:   68-block  0
call    0 returned 1
------------------
_ZN49convertArrayToMessageTestSuite_startByteTest_TestD0Ev:
function _ZN49convertArrayToMessageTestSuite_startByteTest_TestD0Ev called 1 returned 100% blocks executed 100%
        1:   68:TEST(convertArrayToMessageTestSuite, startByteTest) {
        1:   68-block  0
call    0 returned 1
call    1 returned 1
------------------
_ZN49convertArrayToMessageTestSuite_startByteTest_TestD1Ev:
function _ZN49convertArrayToMessageTestSuite_startByteTest_TestD1Ev called 1 returned 100% blocks executed 100%
        1:   68:TEST(convertArrayToMessageTestSuite, startByteTest) {
        1:   68-block  0
call    0 returned 1
------------------
_ZN49convertArrayToMessageTestSuite_startByteTest_Test8TestBodyEv:
function _ZN49convertArrayToMessageTestSuite_startByteTest_Test8TestBodyEv called 1 returned 100% blocks executed 22%
        1:   68:TEST(convertArrayToMessageTestSuite, startByteTest) {
        -:   69:    // input buffer
        1:   70:    uint8_t input_buffer[] = {0x7E, 0x01, 0x04, 0x74, 0x65, 0x73, 0x74, 0x13, 0x7F};
        1:   71:    uint16_t input_length = sizeof(input_buffer) / sizeof(input_buffer[0]);
        -:   72:
        -:   73:    // actual message
        -:   74:    Message actual_msg;
        1:   75:    bool result = convert_array_to_message(input_buffer, input_length, &actual_msg);
        1:   75-block  0
call    0 returned 1
branch  1 taken 1 (fallthrough)
branch  2 taken 0 (throw)
        -:   76:
       1*:   77:    EXPECT_TRUE(result);
        1:   77-block  0
call    0 returned 1
call    1 returned 1
branch  2 taken 0 (fallthrough)
branch  3 taken 1
    %%%%%:   77-block  1
call    4 never executed
branch  5 never executed (fallthrough)
branch  6 never executed (throw)
    %%%%%:   77-block  2
call    7 never executed
branch  8 never executed (fallthrough)
branch  9 never executed (throw)
    %%%%%:   77-block  3
call   10 never executed
call   11 never executed
branch 12 never executed (fallthrough)
branch 13 never executed (throw)
    %%%%%:   77-block  4
call   14 never executed
branch 15 never executed (fallthrough)
branch 16 never executed (throw)
    %%%%%:   77-block  5
call   17 never executed
call   18 never executed
call   19 never executed
        1:   77-block  6
call   20 returned 1
    $$$$$:   77-block  7
call   21 never executed
    $$$$$:   77-block  8
call   22 never executed
    $$$$$:   77-block  9
    $$$$$:   77-block 10
    $$$$$:   77-block 11
call   23 never executed
    $$$$$:   77-block 12
    $$$$$:   77-block 13
call   24 never executed
       1*:   78:    EXPECT_EQ(0x7E, actual_msg.start_byte);
call    0 returned 1
branch  1 taken 1 (fallthrough)
branch  2 taken 0 (throw)
        1:   78-block  0
call    3 returned 1
branch  4 taken 0 (fallthrough)
branch  5 taken 1
    %%%%%:   78-block  1
call    6 never executed
branch  7 never executed (fallthrough)
branch  8 never executed (throw)
    %%%%%:   78-block  2
call    9 never executed
call   10 never executed
branch 11 never executed (fallthrough)
branch 12 never executed (throw)
    %%%%%:   78-block  3
call   13 never executed
branch 14 never executed (fallthrough)
branch 15 never executed (throw)
    %%%%%:   78-block  4
call   16 never executed
call   17 never executed
        1:   78-block  5
call   18 returned 1
    $$$$$:   78-block  6
    $$$$$:   78-block  7
call   19 never executed
    $$$$$:   78-block  8
    $$$$$:   78-block  9
call   20 never executed
    $$$$$:   78-block 10
    $$$$$:   78-block 11
call   21 never executed
        1:   79:}
------------------
        -:   80:
        4:   81:TEST(convertArrayToMessageTestSuite, messageTypeTest) {
        -:   82:    // input buffer
        1:   83:    uint8_t input_buffer[] = {0x7E, 0x01, 0x04, 0x74, 0x65, 0x73, 0x74, 0x13, 0x7F};
        1:   84:    uint16_t input_length = sizeof(input_buffer) / sizeof(input_buffer[0]);
        -:   85:
        -:   86:    // actual message
        -:   87:    Message actual_msg;
        1:   88:    bool result = convert_array_to_message(input_buffer, input_length, &actual_msg);
        -:   89:
       1*:   90:    EXPECT_TRUE(result);
       1*:   91:    EXPECT_EQ(0x01, actual_msg.msg_type);
        1:   92:}
------------------
_ZN51convertArrayToMessageTestSuite_messageTypeTest_TestC1Ev:
function _ZN51convertArrayToMessageTestSuite_messageTypeTest_TestC1Ev called 1 returned 100% blocks executed 100%
        1:   81:TEST(convertArrayToMessageTestSuite, messageTypeTest) {
        1:   81-block  0
call    0 returned 1
------------------
_ZN51convertArrayToMessageTestSuite_messageTypeTest_TestD0Ev:
function _ZN51convertArrayToMessageTestSuite_messageTypeTest_TestD0Ev called 1 returned 100% blocks executed 100%
        1:   81:TEST(convertArrayToMessageTestSuite, messageTypeTest) {
        1:   81-block  0
call    0 returned 1
call    1 returned 1
------------------
_ZN51convertArrayToMessageTestSuite_messageTypeTest_TestD1Ev:
function _ZN51convertArrayToMessageTestSuite_messageTypeTest_TestD1Ev called 1 returned 100% blocks executed 100%
        1:   81:TEST(convertArrayToMessageTestSuite, messageTypeTest) {
        1:   81-block  0
call    0 returned 1
------------------
_ZN51convertArrayToMessageTestSuite_messageTypeTest_Test8TestBodyEv:
function _ZN51convertArrayToMessageTestSuite_messageTypeTest_Test8TestBodyEv called 1 returned 100% blocks executed 22%
        1:   81:TEST(convertArrayToMessageTestSuite, messageTypeTest) {
        -:   82:    // input buffer
        1:   83:    uint8_t input_buffer[] = {0x7E, 0x01, 0x04, 0x74, 0x65, 0x73, 0x74, 0x13, 0x7F};
        1:   84:    uint16_t input_length = sizeof(input_buffer) / sizeof(input_buffer[0]);
        -:   85:
        -:   86:    // actual message
        -:   87:    Message actual_msg;
        1:   88:    bool result = convert_array_to_message(input_buffer, input_length, &actual_msg);
        1:   88-block  0
call    0 returned 1
branch  1 taken 1 (fallthrough)
branch  2 taken 0 (throw)
        -:   89:
       1*:   90:    EXPECT_TRUE(result);
        1:   90-block  0
call    0 returned 1
call    1 returned 1
branch  2 taken 0 (fallthrough)
branch  3 taken 1
    %%%%%:   90-block  1
call    4 never executed
branch  5 never executed (fallthrough)
branch  6 never executed (throw)
    %%%%%:   90-block  2
call    7 never executed
branch  8 never executed (fallthrough)
branch  9 never executed (throw)
    %%%%%:   90-block  3
call   10 never executed
call   11 never executed
branch 12 never executed (fallthrough)
branch 13 never executed (throw)
    %%%%%:   90-block  4
call   14 never executed
branch 15 never executed (fallthrough)
branch 16 never executed (throw)
    %%%%%:   90-block  5
call   17 never executed
call   18 never executed
call   19 never executed
        1:   90-block  6
call   20 returned 1
    $$$$$:   90-block  7
call   21 never executed
    $$$$$:   90-block  8
call   22 never executed
    $$$$$:   90-block  9
    $$$$$:   90-block 10
    $$$$$:   90-block 11
call   23 never executed
    $$$$$:   90-block 12
    $$$$$:   90-block 13
call   24 never executed
       1*:   91:    EXPECT_EQ(0x01, actual_msg.msg_type);
call    0 returned 1
branch  1 taken 1 (fallthrough)
branch  2 taken 0 (throw)
        1:   91-block  0
call    3 returned 1
branch  4 taken 0 (fallthrough)
branch  5 taken 1
    %%%%%:   91-block  1
call    6 never executed
branch  7 never executed (fallthrough)
branch  8 never executed (throw)
    %%%%%:   91-block  2
call    9 never executed
call   10 never executed
branch 11 never executed (fallthrough)
branch 12 never executed (throw)
    %%%%%:   91-block  3
call   13 never executed
branch 14 never executed (fallthrough)
branch 15 never executed (throw)
    %%%%%:   91-block  4
call   16 never executed
call   17 never executed
        1:   91-block  5
call   18 returned 1
    $$$$$:   91-block  6
    $$$$$:   91-block  7
call   19 never executed
    $$$$$:   91-block  8
    $$$$$:   91-block  9
call   20 never executed
    $$$$$:   91-block 10
    $$$$$:   91-block 11
call   21 never executed
        1:   92:}
------------------
        -:   93:
        4:   94:TEST(convertArrayToMessageTestSuite, messageLengthTest) {
        -:   95:    // input buffer
        1:   96:    uint8_t input_buffer[] = {0x7E, 0x01, 0x04, 0x74, 0x65, 0x73, 0x74, 0x13, 0x7F};
        1:   97:    uint16_t input_length = sizeof(input_buffer) / sizeof(input_buffer[0]);
        -:   98:
        -:   99:    // actual message
        -:  100:    Message actual_msg;
        1:  101:    bool result = convert_array_to_message(input_buffer, input_length, &actual_msg);
        -:  102:
       1*:  103:    EXPECT_TRUE(result);
       1*:  104:    EXPECT_EQ(0x04, actual_msg.length);
        1:  105:}
------------------
_ZN53convertArrayToMessageTestSuite_messageLengthTest_TestC1Ev:
function _ZN53convertArrayToMessageTestSuite_messageLengthTest_TestC1Ev called 1 returned 100% blocks executed 100%
        1:   94:TEST(convertArrayToMessageTestSuite, messageLengthTest) {
        1:   94-block  0
call    0 returned 1
------------------
_ZN53convertArrayToMessageTestSuite_messageLengthTest_TestD0Ev:
function _ZN53convertArrayToMessageTestSuite_messageLengthTest_TestD0Ev called 1 returned 100% blocks executed 100%
        1:   94:TEST(convertArrayToMessageTestSuite, messageLengthTest) {
        1:   94-block  0
call    0 returned 1
call    1 returned 1
------------------
_ZN53convertArrayToMessageTestSuite_messageLengthTest_TestD1Ev:
function _ZN53convertArrayToMessageTestSuite_messageLengthTest_TestD1Ev called 1 returned 100% blocks executed 100%
        1:   94:TEST(convertArrayToMessageTestSuite, messageLengthTest) {
        1:   94-block  0
call    0 returned 1
------------------
_ZN53convertArrayToMessageTestSuite_messageLengthTest_Test8TestBodyEv:
function _ZN53convertArrayToMessageTestSuite_messageLengthTest_Test8TestBodyEv called 1 returned 100% blocks executed 22%
        1:   94:TEST(convertArrayToMessageTestSuite, messageLengthTest) {
        -:   95:    // input buffer
        1:   96:    uint8_t input_buffer[] = {0x7E, 0x01, 0x04, 0x74, 0x65, 0x73, 0x74, 0x13, 0x7F};
        1:   97:    uint16_t input_length = sizeof(input_buffer) / sizeof(input_buffer[0]);
        -:   98:
        -:   99:    // actual message
        -:  100:    Message actual_msg;
        1:  101:    bool result = convert_array_to_message(input_buffer, input_length, &actual_msg);
        1:  101-block  0
call    0 returned 1
branch  1 taken 1 (fallthrough)
branch  2 taken 0 (throw)
        -:  102:
       1*:  103:    EXPECT_TRUE(result);
        1:  103-block  0
call    0 returned 1
call    1 returned 1
branch  2 taken 0 (fallthrough)
branch  3 taken 1
    %%%%%:  103-block  1
call    4 never executed
branch  5 never executed (fallthrough)
branch  6 never executed (throw)
    %%%%%:  103-block  2
call    7 never executed
branch  8 never executed (fallthrough)
branch  9 never executed (throw)
    %%%%%:  103-block  3
call   10 never executed
call   11 never executed
branch 12 never executed (fallthrough)
branch 13 never executed (throw)
    %%%%%:  103-block  4
call   14 never executed
branch 15 never executed (fallthrough)
branch 16 never executed (throw)
    %%%%%:  103-block  5
call   17 never executed
call   18 never executed
call   19 never executed
        1:  103-block  6
call   20 returned 1
    $$$$$:  103-block  7
call   21 never executed
    $$$$$:  103-block  8
call   22 never executed
    $$$$$:  103-block  9
    $$$$$:  103-block 10
    $$$$$:  103-block 11
call   23 never executed
    $$$$$:  103-block 12
    $$$$$:  103-block 13
call   24 never executed
       1*:  104:    EXPECT_EQ(0x04, actual_msg.length);
call    0 returned 1
branch  1 taken 1 (fallthrough)
branch  2 taken 0 (throw)
        1:  104-block  0
call    3 returned 1
branch  4 taken 0 (fallthrough)
branch  5 taken 1
    %%%%%:  104-block  1
call    6 never executed
branch  7 never executed (fallthrough)
branch  8 never executed (throw)
    %%%%%:  104-block  2
call    9 never executed
call   10 never executed
branch 11 never executed (fallthrough)
branch 12 never executed (throw)
    %%%%%:  104-block  3
call   13 never executed
branch 14 never executed (fallthrough)
branch 15 never executed (throw)
    %%%%%:  104-block  4
call   16 never executed
call   17 never executed
        1:  104-block  5
call   18 returned 1
    $$$$$:  104-block  6
    $$$$$:  104-block  7
call   19 never executed
    $$$$$:  104-block  8
    $$$$$:  104-block  9
call   20 never executed
    $$$$$:  104-block 10
    $$$$$:  104-block 11
call   21 never executed
        1:  105:}
------------------
        -:  106:
        4:  107:TEST(convertArrayToMessageTestSuite, messageLengthLongerThanMaxPayloadSizeTest) {
        -:  108:    // input buffer
        1:  109:    uint8_t input_buffer[MAX_PAYLOAD_SIZE + 10] = {0x7E, 0x01, MAX_PAYLOAD_SIZE + 1};
        1:  110:    uint16_t input_length = MAX_PAYLOAD_SIZE + 10;
        -:  111:
        -:  112:    // actual message
        -:  113:    Message actual_msg;
        -:  114:
        1:  115:    bool result = convert_array_to_message(input_buffer, input_length, &actual_msg);
       1*:  116:    EXPECT_TRUE(result);
       1*:  117:    EXPECT_EQ(actual_msg.length, 249);
        1:  118:}
------------------
_ZN77convertArrayToMessageTestSuite_messageLengthLongerThanMaxPayloadSizeTest_TestC1Ev:
function _ZN77convertArrayToMessageTestSuite_messageLengthLongerThanMaxPayloadSizeTest_TestC1Ev called 1 returned 100% blocks executed 100%
        1:  107:TEST(convertArrayToMessageTestSuite, messageLengthLongerThanMaxPayloadSizeTest) {
        1:  107-block  0
call    0 returned 1
------------------
_ZN77convertArrayToMessageTestSuite_messageLengthLongerThanMaxPayloadSizeTest_TestD0Ev:
function _ZN77convertArrayToMessageTestSuite_messageLengthLongerThanMaxPayloadSizeTest_TestD0Ev called 1 returned 100% blocks executed 100%
        1:  107:TEST(convertArrayToMessageTestSuite, messageLengthLongerThanMaxPayloadSizeTest) {
        1:  107-block  0
call    0 returned 1
call    1 returned 1
------------------
_ZN77convertArrayToMessageTestSuite_messageLengthLongerThanMaxPayloadSizeTest_TestD1Ev:
function _ZN77convertArrayToMessageTestSuite_messageLengthLongerThanMaxPayloadSizeTest_TestD1Ev called 1 returned 100% blocks executed 100%
        1:  107:TEST(convertArrayToMessageTestSuite, messageLengthLongerThanMaxPayloadSizeTest) {
        1:  107-block  0
call    0 returned 1
------------------
_ZN77convertArrayToMessageTestSuite_messageLengthLongerThanMaxPayloadSizeTest_Test8TestBodyEv:
function _ZN77convertArrayToMessageTestSuite_messageLengthLongerThanMaxPayloadSizeTest_Test8TestBodyEv called 1 returned 100% blocks executed 22%
        1:  107:TEST(convertArrayToMessageTestSuite, messageLengthLongerThanMaxPayloadSizeTest) {
        -:  108:    // input buffer
        1:  109:    uint8_t input_buffer[MAX_PAYLOAD_SIZE + 10] = {0x7E, 0x01, MAX_PAYLOAD_SIZE + 1};
        1:  110:    uint16_t input_length = MAX_PAYLOAD_SIZE + 10;
        -:  111:
        -:  112:    // actual message
        -:  113:    Message actual_msg;
        -:  114:
        1:  115:    bool result = convert_array_to_message(input_buffer, input_length, &actual_msg);
        1:  115-block  0
call    0 returned 1
branch  1 taken 1 (fallthrough)
branch  2 taken 0 (throw)
       1*:  116:    EXPECT_TRUE(result);
        1:  116-block  0
call    0 returned 1
call    1 returned 1
branch  2 taken 0 (fallthrough)
branch  3 taken 1
    %%%%%:  116-block  1
call    4 never executed
branch  5 never executed (fallthrough)
branch  6 never executed (throw)
    %%%%%:  116-block  2
call    7 never executed
branch  8 never executed (fallthrough)
branch  9 never executed (throw)
    %%%%%:  116-block  3
call   10 never executed
call   11 never executed
branch 12 never executed (fallthrough)
branch 13 never executed (throw)
    %%%%%:  116-block  4
call   14 never executed
branch 15 never executed (fallthrough)
branch 16 never executed (throw)
    %%%%%:  116-block  5
call   17 never executed
call   18 never executed
call   19 never executed
        1:  116-block  6
call   20 returned 1
    $$$$$:  116-block  7
call   21 never executed
    $$$$$:  116-block  8
call   22 never executed
    $$$$$:  116-block  9
    $$$$$:  116-block 10
    $$$$$:  116-block 11
call   23 never executed
    $$$$$:  116-block 12
    $$$$$:  116-block 13
call   24 never executed
       1*:  117:    EXPECT_EQ(actual_msg.length, 249);
call    0 returned 1
branch  1 taken 1 (fallthrough)
branch  2 taken 0 (throw)
        1:  117-block  0
call    3 returned 1
branch  4 taken 0 (fallthrough)
branch  5 taken 1
    %%%%%:  117-block  1
call    6 never executed
branch  7 never executed (fallthrough)
branch  8 never executed (throw)
    %%%%%:  117-block  2
call    9 never executed
call   10 never executed
branch 11 never executed (fallthrough)
branch 12 never executed (throw)
    %%%%%:  117-block  3
call   13 never executed
branch 14 never executed (fallthrough)
branch 15 never executed (throw)
    %%%%%:  117-block  4
call   16 never executed
call   17 never executed
        1:  117-block  5
call   18 returned 1
    $$$$$:  117-block  6
    $$$$$:  117-block  7
call   19 never executed
    $$$$$:  117-block  8
    $$$$$:  117-block  9
call   20 never executed
    $$$$$:  117-block 10
    $$$$$:  117-block 11
call   21 never executed
        1:  118:}
------------------
        -:  119:
        4:  120:TEST(convertArrayToMessageTestSuite, messageLengthSmallerThanZeroTest) {
        -:  121:    // input buffer
        1:  122:    uint8_t input_buffer[] = {0x7E, 0x01, (uint8_t)-1, 0x74, 0x65, 0x73, 0x74, 0x13, 0x7F};
        1:  123:    uint16_t input_length = sizeof(input_buffer) / sizeof(input_buffer[0]);
        -:  124:
        -:  125:    // actual message
        -:  126:    Message actual_msg;
        1:  127:    convert_array_to_message(input_buffer, input_length, &actual_msg);
        -:  128:
       1*:  129:    EXPECT_EQ(actual_msg.length, 249);
        1:  130:}
------------------
_ZN68convertArrayToMessageTestSuite_messageLengthSmallerThanZeroTest_TestC1Ev:
function _ZN68convertArrayToMessageTestSuite_messageLengthSmallerThanZeroTest_TestC1Ev called 1 returned 100% blocks executed 100%
        1:  120:TEST(convertArrayToMessageTestSuite, messageLengthSmallerThanZeroTest) {
        1:  120-block  0
call    0 returned 1
------------------
_ZN68convertArrayToMessageTestSuite_messageLengthSmallerThanZeroTest_TestD0Ev:
function _ZN68convertArrayToMessageTestSuite_messageLengthSmallerThanZeroTest_TestD0Ev called 1 returned 100% blocks executed 100%
        1:  120:TEST(convertArrayToMessageTestSuite, messageLengthSmallerThanZeroTest) {
        1:  120-block  0
call    0 returned 1
call    1 returned 1
------------------
_ZN68convertArrayToMessageTestSuite_messageLengthSmallerThanZeroTest_TestD1Ev:
function _ZN68convertArrayToMessageTestSuite_messageLengthSmallerThanZeroTest_TestD1Ev called 1 returned 100% blocks executed 100%
        1:  120:TEST(convertArrayToMessageTestSuite, messageLengthSmallerThanZeroTest) {
        1:  120-block  0
call    0 returned 1
------------------
_ZN68convertArrayToMessageTestSuite_messageLengthSmallerThanZeroTest_Test8TestBodyEv:
function _ZN68convertArrayToMessageTestSuite_messageLengthSmallerThanZeroTest_Test8TestBodyEv called 1 returned 100% blocks executed 29%
        1:  120:TEST(convertArrayToMessageTestSuite, messageLengthSmallerThanZeroTest) {
        -:  121:    // input buffer
        1:  122:    uint8_t input_buffer[] = {0x7E, 0x01, (uint8_t)-1, 0x74, 0x65, 0x73, 0x74, 0x13, 0x7F};
        1:  123:    uint16_t input_length = sizeof(input_buffer) / sizeof(input_buffer[0]);
        -:  124:
        -:  125:    // actual message
        -:  126:    Message actual_msg;
        1:  127:    convert_array_to_message(input_buffer, input_length, &actual_msg);
        1:  127-block  0
call    0 returned 1
branch  1 taken 1 (fallthrough)
branch  2 taken 0 (throw)
        -:  128:
       1*:  129:    EXPECT_EQ(actual_msg.length, 249);
        1:  129-block  0
call    0 returned 1
branch  1 taken 1 (fallthrough)
branch  2 taken 0 (throw)
        1:  129-block  1
call    3 returned 1
branch  4 taken 0 (fallthrough)
branch  5 taken 1
    %%%%%:  129-block  2
call    6 never executed
branch  7 never executed (fallthrough)
branch  8 never executed (throw)
    %%%%%:  129-block  3
call    9 never executed
call   10 never executed
branch 11 never executed (fallthrough)
branch 12 never executed (throw)
    %%%%%:  129-block  4
call   13 never executed
branch 14 never executed (fallthrough)
branch 15 never executed (throw)
    %%%%%:  129-block  5
call   16 never executed
call   17 never executed
        1:  129-block  6
call   18 returned 1
    $$$$$:  129-block  7
    $$$$$:  129-block  8
call   19 never executed
    $$$$$:  129-block  9
    $$$$$:  129-block 10
call   20 never executed
    $$$$$:  129-block 11
    $$$$$:  129-block 12
call   21 never executed
        1:  130:}
------------------
        -:  131:
        4:  132:TEST(convertArrayToMessageTestSuite, emptyPayloadTest) {
        -:  133:    // input buffer
        1:  134:    uint8_t input_buffer[] = {0x7E, 0x01, 0x00, 0x01, 0x7F};
        1:  135:    uint16_t input_length = sizeof(input_buffer) / sizeof(input_buffer[0]);
        -:  136:
        -:  137:    // expected message
        -:  138:    Message expected_msg;
        1:  139:    expected_msg.start_byte = 0x7E;
        1:  140:    expected_msg.msg_type = 0x01;
        1:  141:    expected_msg.length = 0x00;
        1:  142:    expected_msg.checksum = 0x01;
        1:  143:    expected_msg.end_byte = 0x7F;
        -:  144:
        -:  145:    // actual message
        -:  146:    Message actual_msg;
        1:  147:    bool result = convert_array_to_message(input_buffer, input_length, &actual_msg);
        -:  148:
       1*:  149:    EXPECT_TRUE(result);
       1*:  150:    EXPECT_EQ(expected_msg.start_byte, actual_msg.start_byte);
       1*:  151:    EXPECT_EQ(expected_msg.msg_type, actual_msg.msg_type);
       1*:  152:    EXPECT_EQ(expected_msg.length, actual_msg.length);
       1*:  153:    EXPECT_EQ(expected_msg.checksum, actual_msg.checksum);
       1*:  154:    EXPECT_EQ(expected_msg.end_byte, actual_msg.end_byte);
        1:  155:}
------------------
_ZN52convertArrayToMessageTestSuite_emptyPayloadTest_TestC1Ev:
function _ZN52convertArrayToMessageTestSuite_emptyPayloadTest_TestC1Ev called 1 returned 100% blocks executed 100%
        1:  132:TEST(convertArrayToMessageTestSuite, emptyPayloadTest) {
        1:  132-block  0
call    0 returned 1
------------------
_ZN52convertArrayToMessageTestSuite_emptyPayloadTest_TestD0Ev:
function _ZN52convertArrayToMessageTestSuite_emptyPayloadTest_TestD0Ev called 1 returned 100% blocks executed 100%
        1:  132:TEST(convertArrayToMessageTestSuite, emptyPayloadTest) {
        1:  132-block  0
call    0 returned 1
call    1 returned 1
------------------
_ZN52convertArrayToMessageTestSuite_emptyPayloadTest_TestD1Ev:
function _ZN52convertArrayToMessageTestSuite_emptyPayloadTest_TestD1Ev called 1 returned 100% blocks executed 100%
        1:  132:TEST(convertArrayToMessageTestSuite, emptyPayloadTest) {
        1:  132-block  0
call    0 returned 1
------------------
_ZN52convertArrayToMessageTestSuite_emptyPayloadTest_Test8TestBodyEv:
function _ZN52convertArrayToMessageTestSuite_emptyPayloadTest_Test8TestBodyEv called 1 returned 100% blocks executed 21%
        1:  132:TEST(convertArrayToMessageTestSuite, emptyPayloadTest) {
        -:  133:    // input buffer
        1:  134:    uint8_t input_buffer[] = {0x7E, 0x01, 0x00, 0x01, 0x7F};
        1:  135:    uint16_t input_length = sizeof(input_buffer) / sizeof(input_buffer[0]);
        -:  136:
        -:  137:    // expected message
        -:  138:    Message expected_msg;
        1:  139:    expected_msg.start_byte = 0x7E;
        1:  140:    expected_msg.msg_type = 0x01;
        1:  141:    expected_msg.length = 0x00;
        1:  142:    expected_msg.checksum = 0x01;
        1:  143:    expected_msg.end_byte = 0x7F;
        -:  144:
        -:  145:    // actual message
        -:  146:    Message actual_msg;
        1:  147:    bool result = convert_array_to_message(input_buffer, input_length, &actual_msg);
        1:  147-block  0
call    0 returned 1
branch  1 taken 1 (fallthrough)
branch  2 taken 0 (throw)
        -:  148:
       1*:  149:    EXPECT_TRUE(result);
        1:  149-block  0
call    0 returned 1
call    1 returned 1
branch  2 taken 0 (fallthrough)
branch  3 taken 1
    %%%%%:  149-block  1
call    4 never executed
branch  5 never executed (fallthrough)
branch  6 never executed (throw)
    %%%%%:  149-block  2
call    7 never executed
branch  8 never executed (fallthrough)
branch  9 never executed (throw)
    %%%%%:  149-block  3
call   10 never executed
call   11 never executed
branch 12 never executed (fallthrough)
branch 13 never executed (throw)
    %%%%%:  149-block  4
call   14 never executed
branch 15 never executed (fallthrough)
branch 16 never executed (throw)
    %%%%%:  149-block  5
call   17 never executed
call   18 never executed
call   19 never executed
        1:  149-block  6
call   20 returned 1
    $$$$$:  149-block  7
call   21 never executed
    $$$$$:  149-block  8
call   22 never executed
    $$$$$:  149-block  9
    $$$$$:  149-block 10
    $$$$$:  149-block 11
call   23 never executed
    $$$$$:  149-block 12
    $$$$$:  149-block 13
call   24 never executed
       1*:  150:    EXPECT_EQ(expected_msg.start_byte, actual_msg.start_byte);
call    0 returned 1
branch  1 taken 1 (fallthrough)
branch  2 taken 0 (throw)
        1:  150-block  0
call    3 returned 1
branch  4 taken 0 (fallthrough)
branch  5 taken 1
    %%%%%:  150-block  1
call    6 never executed
branch  7 never executed (fallthrough)
branch  8 never executed (throw)
    %%%%%:  150-block  2
call    9 never executed
call   10 never executed
branch 11 never executed (fallthrough)
branch 12 never executed (throw)
    %%%%%:  150-block  3
call   13 never executed
branch 14 never executed (fallthrough)
branch 15 never executed (throw)
    %%%%%:  150-block  4
call   16 never executed
call   17 never executed
        1:  150-block  5
call   18 returned 1
    $$$$$:  150-block  6
call   19 never executed
    $$$$$:  150-block  7
    $$$$$:  150-block  8
call   20 never executed
    $$$$$:  150-block  9
    $$$$$:  150-block 10
call   21 never executed
       1*:  151:    EXPECT_EQ(expected_msg.msg_type, actual_msg.msg_type);
call    0 returned 1
branch  1 taken 1 (fallthrough)
branch  2 taken 0 (throw)
        1:  151-block  0
call    3 returned 1
branch  4 taken 0 (fallthrough)
branch  5 taken 1
    %%%%%:  151-block  1
call    6 never executed
branch  7 never executed (fallthrough)
branch  8 never executed (throw)
    %%%%%:  151-block  2
call    9 never executed
call   10 never executed
branch 11 never executed (fallthrough)
branch 12 never executed (throw)
    %%%%%:  151-block  3
call   13 never executed
branch 14 never executed (fallthrough)
branch 15 never executed (throw)
    %%%%%:  151-block  4
call   16 never executed
call   17 never executed
        1:  151-block  5
call   18 returned 1
    $$$$$:  151-block  6
call   19 never executed
    $$$$$:  151-block  7
    $$$$$:  151-block  8
call   20 never executed
    $$$$$:  151-block  9
    $$$$$:  151-block 10
call   21 never executed
       1*:  152:    EXPECT_EQ(expected_msg.length, actual_msg.length);
call    0 returned 1
branch  1 taken 1 (fallthrough)
branch  2 taken 0 (throw)
        1:  152-block  0
call    3 returned 1
branch  4 taken 0 (fallthrough)
branch  5 taken 1
    %%%%%:  152-block  1
call    6 never executed
branch  7 never executed (fallthrough)
branch  8 never executed (throw)
    %%%%%:  152-block  2
call    9 never executed
call   10 never executed
branch 11 never executed (fallthrough)
branch 12 never executed (throw)
    %%%%%:  152-block  3
call   13 never executed
branch 14 never executed (fallthrough)
branch 15 never executed (throw)
    %%%%%:  152-block  4
call   16 never executed
call   17 never executed
        1:  152-block  5
call   18 returned 1
    $$$$$:  152-block  6
call   19 never executed
    $$$$$:  152-block  7
    $$$$$:  152-block  8
call   20 never executed
    $$$$$:  152-block  9
    $$$$$:  152-block 10
call   21 never executed
       1*:  153:    EXPECT_EQ(expected_msg.checksum, actual_msg.checksum);
call    0 returned 1
branch  1 taken 1 (fallthrough)
branch  2 taken 0 (throw)
        1:  153-block  0
call    3 returned 1
branch  4 taken 0 (fallthrough)
branch  5 taken 1
    %%%%%:  153-block  1
call    6 never executed
branch  7 never executed (fallthrough)
branch  8 never executed (throw)
    %%%%%:  153-block  2
call    9 never executed
call   10 never executed
branch 11 never executed (fallthrough)
branch 12 never executed (throw)
    %%%%%:  153-block  3
call   13 never executed
branch 14 never executed (fallthrough)
branch 15 never executed (throw)
    %%%%%:  153-block  4
call   16 never executed
call   17 never executed
        1:  153-block  5
call   18 returned 1
    $$$$$:  153-block  6
call   19 never executed
    $$$$$:  153-block  7
    $$$$$:  153-block  8
call   20 never executed
    $$$$$:  153-block  9
    $$$$$:  153-block 10
call   21 never executed
       1*:  154:    EXPECT_EQ(expected_msg.end_byte, actual_msg.end_byte);
call    0 returned 1
branch  1 taken 1 (fallthrough)
branch  2 taken 0 (throw)
        1:  154-block  0
call    3 returned 1
branch  4 taken 0 (fallthrough)
branch  5 taken 1
    %%%%%:  154-block  1
call    6 never executed
branch  7 never executed (fallthrough)
branch  8 never executed (throw)
    %%%%%:  154-block  2
call    9 never executed
call   10 never executed
branch 11 never executed (fallthrough)
branch 12 never executed (throw)
    %%%%%:  154-block  3
call   13 never executed
branch 14 never executed (fallthrough)
branch 15 never executed (throw)
    %%%%%:  154-block  4
call   16 never executed
call   17 never executed
        1:  154-block  5
call   18 returned 1
    $$$$$:  154-block  6
call   19 never executed
    $$$$$:  154-block  7
    $$$$$:  154-block  8
call   20 never executed
    $$$$$:  154-block  9
    $$$$$:  154-block 10
call   21 never executed
        1:  155:}
------------------
        -:  156:
        4:  157:TEST(convertArrayToMessageTestSuite, checksumTest) {
        -:  158:    // input buffer
        1:  159:    uint8_t input_buffer[] = {0x7E, 0x01, 0x04, 0x74, 0x65, 0x73, 0x74, 0x13, 0x7F};
        1:  160:    uint16_t input_length = sizeof(input_buffer) / sizeof(input_buffer[0]);
        -:  161:
        -:  162:    // actual message
        -:  163:    Message actual_msg;
        1:  164:    bool result = convert_array_to_message(input_buffer, input_length, &actual_msg);
        -:  165:
       1*:  166:    EXPECT_TRUE(result);
       1*:  167:    EXPECT_EQ(0x13, actual_msg.checksum);
        1:  168:}
------------------
_ZN48convertArrayToMessageTestSuite_checksumTest_TestC1Ev:
function _ZN48convertArrayToMessageTestSuite_checksumTest_TestC1Ev called 1 returned 100% blocks executed 100%
        1:  157:TEST(convertArrayToMessageTestSuite, checksumTest) {
        1:  157-block  0
call    0 returned 1
------------------
_ZN48convertArrayToMessageTestSuite_checksumTest_TestD0Ev:
function _ZN48convertArrayToMessageTestSuite_checksumTest_TestD0Ev called 1 returned 100% blocks executed 100%
        1:  157:TEST(convertArrayToMessageTestSuite, checksumTest) {
        1:  157-block  0
call    0 returned 1
call    1 returned 1
------------------
_ZN48convertArrayToMessageTestSuite_checksumTest_TestD1Ev:
function _ZN48convertArrayToMessageTestSuite_checksumTest_TestD1Ev called 1 returned 100% blocks executed 100%
        1:  157:TEST(convertArrayToMessageTestSuite, checksumTest) {
        1:  157-block  0
call    0 returned 1
------------------
_ZN48convertArrayToMessageTestSuite_checksumTest_Test8TestBodyEv:
function _ZN48convertArrayToMessageTestSuite_checksumTest_Test8TestBodyEv called 1 returned 100% blocks executed 22%
        1:  157:TEST(convertArrayToMessageTestSuite, checksumTest) {
        -:  158:    // input buffer
        1:  159:    uint8_t input_buffer[] = {0x7E, 0x01, 0x04, 0x74, 0x65, 0x73, 0x74, 0x13, 0x7F};
        1:  160:    uint16_t input_length = sizeof(input_buffer) / sizeof(input_buffer[0]);
        -:  161:
        -:  162:    // actual message
        -:  163:    Message actual_msg;
        1:  164:    bool result = convert_array_to_message(input_buffer, input_length, &actual_msg);
        1:  164-block  0
call    0 returned 1
branch  1 taken 1 (fallthrough)
branch  2 taken 0 (throw)
        -:  165:
       1*:  166:    EXPECT_TRUE(result);
        1:  166-block  0
call    0 returned 1
call    1 returned 1
branch  2 taken 0 (fallthrough)
branch  3 taken 1
    %%%%%:  166-block  1
call    4 never executed
branch  5 never executed (fallthrough)
branch  6 never executed (throw)
    %%%%%:  166-block  2
call    7 never executed
branch  8 never executed (fallthrough)
branch  9 never executed (throw)
    %%%%%:  166-block  3
call   10 never executed
call   11 never executed
branch 12 never executed (fallthrough)
branch 13 never executed (throw)
    %%%%%:  166-block  4
call   14 never executed
branch 15 never executed (fallthrough)
branch 16 never executed (throw)
    %%%%%:  166-block  5
call   17 never executed
call   18 never executed
call   19 never executed
        1:  166-block  6
call   20 returned 1
    $$$$$:  166-block  7
call   21 never executed
    $$$$$:  166-block  8
call   22 never executed
    $$$$$:  166-block  9
    $$$$$:  166-block 10
    $$$$$:  166-block 11
call   23 never executed
    $$$$$:  166-block 12
    $$$$$:  166-block 13
call   24 never executed
       1*:  167:    EXPECT_EQ(0x13, actual_msg.checksum);
call    0 returned 1
branch  1 taken 1 (fallthrough)
branch  2 taken 0 (throw)
        1:  167-block  0
call    3 returned 1
branch  4 taken 0 (fallthrough)
branch  5 taken 1
    %%%%%:  167-block  1
call    6 never executed
branch  7 never executed (fallthrough)
branch  8 never executed (throw)
    %%%%%:  167-block  2
call    9 never executed
call   10 never executed
branch 11 never executed (fallthrough)
branch 12 never executed (throw)
    %%%%%:  167-block  3
call   13 never executed
branch 14 never executed (fallthrough)
branch 15 never executed (throw)
    %%%%%:  167-block  4
call   16 never executed
call   17 never executed
        1:  167-block  5
call   18 returned 1
    $$$$$:  167-block  6
    $$$$$:  167-block  7
call   19 never executed
    $$$$$:  167-block  8
    $$$$$:  167-block  9
call   20 never executed
    $$$$$:  167-block 10
    $$$$$:  167-block 11
call   21 never executed
        1:  168:}
------------------
        -:  169:
        4:  170:TEST(convertArrayToMessageTestSuite, endByteTest) {
        -:  171:    // input buffer
        1:  172:    uint8_t input_buffer[] = {0x7E, 0x01, 0x04, 0x74, 0x65, 0x73, 0x74, 0x13, 0x7F};
        1:  173:    uint16_t input_length = sizeof(input_buffer) / sizeof(input_buffer[0]);
        -:  174:
        -:  175:    // actual message
        -:  176:    Message actual_msg;
        1:  177:    bool result = convert_array_to_message(input_buffer, input_length, &actual_msg);
        -:  178:
       1*:  179:    EXPECT_TRUE(result);
       1*:  180:    EXPECT_EQ(0x7F, actual_msg.end_byte);
        1:  181:}
------------------
_ZN47convertArrayToMessageTestSuite_endByteTest_TestC1Ev:
function _ZN47convertArrayToMessageTestSuite_endByteTest_TestC1Ev called 1 returned 100% blocks executed 100%
        1:  170:TEST(convertArrayToMessageTestSuite, endByteTest) {
        1:  170-block  0
call    0 returned 1
------------------
_ZN47convertArrayToMessageTestSuite_endByteTest_TestD0Ev:
function _ZN47convertArrayToMessageTestSuite_endByteTest_TestD0Ev called 1 returned 100% blocks executed 100%
        1:  170:TEST(convertArrayToMessageTestSuite, endByteTest) {
        1:  170-block  0
call    0 returned 1
call    1 returned 1
------------------
_ZN47convertArrayToMessageTestSuite_endByteTest_TestD1Ev:
function _ZN47convertArrayToMessageTestSuite_endByteTest_TestD1Ev called 1 returned 100% blocks executed 100%
        1:  170:TEST(convertArrayToMessageTestSuite, endByteTest) {
        1:  170-block  0
call    0 returned 1
------------------
_ZN47convertArrayToMessageTestSuite_endByteTest_Test8TestBodyEv:
function _ZN47convertArrayToMessageTestSuite_endByteTest_Test8TestBodyEv called 1 returned 100% blocks executed 22%
        1:  170:TEST(convertArrayToMessageTestSuite, endByteTest) {
        -:  171:    // input buffer
        1:  172:    uint8_t input_buffer[] = {0x7E, 0x01, 0x04, 0x74, 0x65, 0x73, 0x74, 0x13, 0x7F};
        1:  173:    uint16_t input_length = sizeof(input_buffer) / sizeof(input_buffer[0]);
        -:  174:
        -:  175:    // actual message
        -:  176:    Message actual_msg;
        1:  177:    bool result = convert_array_to_message(input_buffer, input_length, &actual_msg);
        1:  177-block  0
call    0 returned 1
branch  1 taken 1 (fallthrough)
branch  2 taken 0 (throw)
        -:  178:
       1*:  179:    EXPECT_TRUE(result);
        1:  179-block  0
call    0 returned 1
call    1 returned 1
branch  2 taken 0 (fallthrough)
branch  3 taken 1
    %%%%%:  179-block  1
call    4 never executed
branch  5 never executed (fallthrough)
branch  6 never executed (throw)
    %%%%%:  179-block  2
call    7 never executed
branch  8 never executed (fallthrough)
branch  9 never executed (throw)
    %%%%%:  179-block  3
call   10 never executed
call   11 never executed
branch 12 never executed (fallthrough)
branch 13 never executed (throw)
    %%%%%:  179-block  4
call   14 never executed
branch 15 never executed (fallthrough)
branch 16 never executed (throw)
    %%%%%:  179-block  5
call   17 never executed
call   18 never executed
call   19 never executed
        1:  179-block  6
call   20 returned 1
    $$$$$:  179-block  7
call   21 never executed
    $$$$$:  179-block  8
call   22 never executed
    $$$$$:  179-block  9
    $$$$$:  179-block 10
    $$$$$:  179-block 11
call   23 never executed
    $$$$$:  179-block 12
    $$$$$:  179-block 13
call   24 never executed
       1*:  180:    EXPECT_EQ(0x7F, actual_msg.end_byte);
call    0 returned 1
branch  1 taken 1 (fallthrough)
branch  2 taken 0 (throw)
        1:  180-block  0
call    3 returned 1
branch  4 taken 0 (fallthrough)
branch  5 taken 1
    %%%%%:  180-block  1
call    6 never executed
branch  7 never executed (fallthrough)
branch  8 never executed (throw)
    %%%%%:  180-block  2
call    9 never executed
call   10 never executed
branch 11 never executed (fallthrough)
branch 12 never executed (throw)
    %%%%%:  180-block  3
call   13 never executed
branch 14 never executed (fallthrough)
branch 15 never executed (throw)
    %%%%%:  180-block  4
call   16 never executed
call   17 never executed
        1:  180-block  5
call   18 returned 1
    $$$$$:  180-block  6
    $$$$$:  180-block  7
call   19 never executed
    $$$$$:  180-block  8
    $$$$$:  180-block  9
call   20 never executed
    $$$$$:  180-block 10
    $$$$$:  180-block 11
call   21 never executed
        1:  181:}
------------------
        -:  182:
        4:  183:TEST(convertArrayToMessageTestSuite, checksumVerificationTest) {
        -:  184:    // input buffer
        1:  185:    uint8_t input_buffer[] = {0x7E, 0x01, 0x04, 0x74, 0x65, 0x73, 0x74, 0x13, 0x7F};
        1:  186:    uint16_t input_length = sizeof(input_buffer) / sizeof(input_buffer[0]);
        -:  187:
        -:  188:    // actual message
        -:  189:    Message actual_msg;
        1:  190:    bool result = convert_array_to_message(input_buffer, input_length, &actual_msg);
        -:  191:
        1:  192:    uint8_t calculated_checksum = calculate_checksum_helper(actual_msg.msg_type, actual_msg.length, actual_msg.payload);
        -:  193:
       1*:  194:    EXPECT_TRUE(result);
       1*:  195:    EXPECT_EQ(calculated_checksum, actual_msg.checksum);
        1:  196:}
------------------
_ZN60convertArrayToMessageTestSuite_checksumVerificationTest_TestC1Ev:
function _ZN60convertArrayToMessageTestSuite_checksumVerificationTest_TestC1Ev called 1 returned 100% blocks executed 100%
        1:  183:TEST(convertArrayToMessageTestSuite, checksumVerificationTest) {
        1:  183-block  0
call    0 returned 1
------------------
_ZN60convertArrayToMessageTestSuite_checksumVerificationTest_TestD0Ev:
function _ZN60convertArrayToMessageTestSuite_checksumVerificationTest_TestD0Ev called 1 returned 100% blocks executed 100%
        1:  183:TEST(convertArrayToMessageTestSuite, checksumVerificationTest) {
        1:  183-block  0
call    0 returned 1
call    1 returned 1
------------------
_ZN60convertArrayToMessageTestSuite_checksumVerificationTest_TestD1Ev:
function _ZN60convertArrayToMessageTestSuite_checksumVerificationTest_TestD1Ev called 1 returned 100% blocks executed 100%
        1:  183:TEST(convertArrayToMessageTestSuite, checksumVerificationTest) {
        1:  183-block  0
call    0 returned 1
------------------
_ZN60convertArrayToMessageTestSuite_checksumVerificationTest_Test8TestBodyEv:
function _ZN60convertArrayToMessageTestSuite_checksumVerificationTest_Test8TestBodyEv called 1 returned 100% blocks executed 24%
        1:  183:TEST(convertArrayToMessageTestSuite, checksumVerificationTest) {
        -:  184:    // input buffer
        1:  185:    uint8_t input_buffer[] = {0x7E, 0x01, 0x04, 0x74, 0x65, 0x73, 0x74, 0x13, 0x7F};
        1:  186:    uint16_t input_length = sizeof(input_buffer) / sizeof(input_buffer[0]);
        -:  187:
        -:  188:    // actual message
        -:  189:    Message actual_msg;
        1:  190:    bool result = convert_array_to_message(input_buffer, input_length, &actual_msg);
        1:  190-block  0
call    0 returned 1
branch  1 taken 1 (fallthrough)
branch  2 taken 0 (throw)
        -:  191:
        1:  192:    uint8_t calculated_checksum = calculate_checksum_helper(actual_msg.msg_type, actual_msg.length, actual_msg.payload);
        1:  192-block  0
call    0 returned 1
branch  1 taken 1 (fallthrough)
branch  2 taken 0 (throw)
        -:  193:
       1*:  194:    EXPECT_TRUE(result);
        1:  194-block  0
call    0 returned 1
call    1 returned 1
branch  2 taken 0 (fallthrough)
branch  3 taken 1
    %%%%%:  194-block  1
call    4 never executed
branch  5 never executed (fallthrough)
branch  6 never executed (throw)
    %%%%%:  194-block  2
call    7 never executed
branch  8 never executed (fallthrough)
branch  9 never executed (throw)
    %%%%%:  194-block  3
call   10 never executed
call   11 never executed
branch 12 never executed (fallthrough)
branch 13 never executed (throw)
    %%%%%:  194-block  4
call   14 never executed
branch 15 never executed (fallthrough)
branch 16 never executed (throw)
    %%%%%:  194-block  5
call   17 never executed
call   18 never executed
call   19 never executed
        1:  194-block  6
call   20 returned 1
    $$$$$:  194-block  7
call   21 never executed
    $$$$$:  194-block  8
call   22 never executed
    $$$$$:  194-block  9
    $$$$$:  194-block 10
    $$$$$:  194-block 11
call   23 never executed
    $$$$$:  194-block 12
    $$$$$:  194-block 13
call   24 never executed
       1*:  195:    EXPECT_EQ(calculated_checksum, actual_msg.checksum);
call    0 returned 1
branch  1 taken 1 (fallthrough)
branch  2 taken 0 (throw)
        1:  195-block  0
call    3 returned 1
branch  4 taken 0 (fallthrough)
branch  5 taken 1
    %%%%%:  195-block  1
call    6 never executed
branch  7 never executed (fallthrough)
branch  8 never executed (throw)
    %%%%%:  195-block  2
call    9 never executed
call   10 never executed
branch 11 never executed (fallthrough)
branch 12 never executed (throw)
    %%%%%:  195-block  3
call   13 never executed
branch 14 never executed (fallthrough)
branch 15 never executed (throw)
    %%%%%:  195-block  4
call   16 never executed
call   17 never executed
        1:  195-block  5
call   18 returned 1
    $$$$$:  195-block  6
call   19 never executed
    $$$$$:  195-block  7
    $$$$$:  195-block  8
call   20 never executed
    $$$$$:  195-block  9
    $$$$$:  195-block 10
call   21 never executed
        1:  196:}
------------------
        -:  197:
        -:  198:/*
        -:  199: * convert_message_to_array_tests.cpp file
        -:  200: *
        -:  201: * Testing file for the `convert_message_to_array` method. Multiple tests are executed here to demonstrate that the method behaves as expected.
        -:  202: * Created by Henri Vanhuynegem on 07/06/2024.
        -:  203: * Last edited: 10/06/2024.
        -:  204: *
        -:  205: * Tests:
        -:  206: * - Convert normal message to array test: Verify a normal message is correctly converted to an array.
        -:  207: * - Start byte test: Ensure the start byte is correctly placed in the output array.
        -:  208: * - Message type test: Verify the message type is correctly placed in the output array.
        -:  209: * - Message length test: Ensure the message length is correctly placed in the output array.
        -:  210: * - Empty payload test: Handle conversion when the payload is empty.
        -:  211: * - Payload longer than UART buffer test: Handle conversion when the payload length exceeds the UART buffer size.
        -:  212: * - Checksum test: Verify the checksum is correctly calculated and placed in the output array.
        -:  213: * - End byte test: Ensure the end byte is correctly placed in the output array.
        -:  214: * - Buffer check test: Verify the entire buffer is correctly populated with expected values.
        -:  215: * - Length check test: Ensure the output length is correctly calculated and returned.
        -:  216: */
        -:  217:
        4:  218:TEST(convertMessageToArrayTestSuite, convertNormalMessageToArrayTest){
        -:  219:    // create message structure
        -:  220:    Message msg;
        1:  221:    msg.start_byte = MSG_START_BYTE;
        1:  222:    msg.msg_type = MSG_TYPE_INIT;
        1:  223:    uint8_t input_payload[MAX_PAYLOAD_SIZE] = "test";
        1:  224:    msg.length = strlen((char *)input_payload);
        1:  225:    memcpy(msg.payload, input_payload, msg.length);
        1:  226:    msg.checksum = calculate_checksum_helper(msg.msg_type, msg.length, msg.payload);
        1:  227:    msg.end_byte = MSG_END_BYTE;
        -:  228:
        -:  229:    // output buffers
        -:  230:    uint8_t output_buffer[UART_BUFFER_SIZE];
        -:  231:    uint8_t output_length;
        -:  232:
        -:  233:    // convert message to array
        1:  234:    convert_message_to_array(&msg, output_buffer, &output_length);
        -:  235:
        -:  236:    // expected result
        1:  237:    uint8_t expected_buffer[UART_BUFFER_SIZE] = {0x7E, 0x01, 0x04, 0x74, 0x65, 0x73, 0x74, 0x13, 0x7F};
        1:  238:    uint8_t expected_length = 9;
        -:  239:
       1*:  240:    EXPECT_EQ(output_length, expected_length);
       10:  241:    for(int i = 0; i < expected_length; i++){
       9*:  242:        EXPECT_EQ(output_buffer[i], expected_buffer[i]);
        -:  243:    }
        1:  244:}
------------------
_ZN67convertMessageToArrayTestSuite_convertNormalMessageToArrayTest_TestC1Ev:
function _ZN67convertMessageToArrayTestSuite_convertNormalMessageToArrayTest_TestC1Ev called 1 returned 100% blocks executed 100%
        1:  218:TEST(convertMessageToArrayTestSuite, convertNormalMessageToArrayTest){
        1:  218-block  0
call    0 returned 1
------------------
_ZN67convertMessageToArrayTestSuite_convertNormalMessageToArrayTest_TestD0Ev:
function _ZN67convertMessageToArrayTestSuite_convertNormalMessageToArrayTest_TestD0Ev called 1 returned 100% blocks executed 100%
        1:  218:TEST(convertMessageToArrayTestSuite, convertNormalMessageToArrayTest){
        1:  218-block  0
call    0 returned 1
call    1 returned 1
------------------
_ZN67convertMessageToArrayTestSuite_convertNormalMessageToArrayTest_TestD1Ev:
function _ZN67convertMessageToArrayTestSuite_convertNormalMessageToArrayTest_TestD1Ev called 1 returned 100% blocks executed 100%
        1:  218:TEST(convertMessageToArrayTestSuite, convertNormalMessageToArrayTest){
        1:  218-block  0
call    0 returned 1
------------------
_ZN67convertMessageToArrayTestSuite_convertNormalMessageToArrayTest_Test8TestBodyEv:
function _ZN67convertMessageToArrayTestSuite_convertNormalMessageToArrayTest_Test8TestBodyEv called 1 returned 100% blocks executed 32%
        1:  218:TEST(convertMessageToArrayTestSuite, convertNormalMessageToArrayTest){
        -:  219:    // create message structure
        -:  220:    Message msg;
        1:  221:    msg.start_byte = MSG_START_BYTE;
        1:  222:    msg.msg_type = MSG_TYPE_INIT;
        1:  223:    uint8_t input_payload[MAX_PAYLOAD_SIZE] = "test";
        1:  224:    msg.length = strlen((char *)input_payload);
        1:  225:    memcpy(msg.payload, input_payload, msg.length);
        1:  226:    msg.checksum = calculate_checksum_helper(msg.msg_type, msg.length, msg.payload);
        1:  226-block  0
call    0 returned 1
branch  1 taken 1 (fallthrough)
branch  2 taken 0 (throw)
        1:  227:    msg.end_byte = MSG_END_BYTE;
        -:  228:
        -:  229:    // output buffers
        -:  230:    uint8_t output_buffer[UART_BUFFER_SIZE];
        -:  231:    uint8_t output_length;
        -:  232:
        -:  233:    // convert message to array
        1:  234:    convert_message_to_array(&msg, output_buffer, &output_length);
        1:  234-block  0
call    0 returned 1
branch  1 taken 1 (fallthrough)
branch  2 taken 0 (throw)
        -:  235:
        -:  236:    // expected result
        1:  237:    uint8_t expected_buffer[UART_BUFFER_SIZE] = {0x7E, 0x01, 0x04, 0x74, 0x65, 0x73, 0x74, 0x13, 0x7F};
        1:  238:    uint8_t expected_length = 9;
        -:  239:
       1*:  240:    EXPECT_EQ(output_length, expected_length);
        1:  240-block  0
call    0 returned 1
branch  1 taken 1 (fallthrough)
branch  2 taken 0 (throw)
        1:  240-block  1
call    3 returned 1
branch  4 taken 0 (fallthrough)
branch  5 taken 1
    %%%%%:  240-block  2
call    6 never executed
branch  7 never executed (fallthrough)
branch  8 never executed (throw)
    %%%%%:  240-block  3
call    9 never executed
call   10 never executed
branch 11 never executed (fallthrough)
branch 12 never executed (throw)
    %%%%%:  240-block  4
call   13 never executed
branch 14 never executed (fallthrough)
branch 15 never executed (throw)
    %%%%%:  240-block  5
call   16 never executed
call   17 never executed
        1:  240-block  6
call   18 returned 1
    $$$$$:  240-block  7
call   19 never executed
    $$$$$:  240-block  8
    $$$$$:  240-block  9
call   20 never executed
    $$$$$:  240-block 10
    $$$$$:  240-block 11
call   21 never executed
       10:  241:    for(int i = 0; i < expected_length; i++){
       10:  241-block  0
branch  0 taken 9
branch  1 taken 1 (fallthrough)
       9*:  242:        EXPECT_EQ(output_buffer[i], expected_buffer[i]);
        9:  242-block  0
call    0 returned 9
branch  1 taken 9 (fallthrough)
branch  2 taken 0 (throw)
        9:  242-block  1
call    3 returned 9
branch  4 taken 0 (fallthrough)
branch  5 taken 9
    %%%%%:  242-block  2
call    6 never executed
branch  7 never executed (fallthrough)
branch  8 never executed (throw)
    %%%%%:  242-block  3
call    9 never executed
call   10 never executed
branch 11 never executed (fallthrough)
branch 12 never executed (throw)
    %%%%%:  242-block  4
call   13 never executed
branch 14 never executed (fallthrough)
branch 15 never executed (throw)
    %%%%%:  242-block  5
call   16 never executed
call   17 never executed
        9:  242-block  6
call   18 returned 9
    $$$$$:  242-block  7
call   19 never executed
    $$$$$:  242-block  8
    $$$$$:  242-block  9
call   20 never executed
    $$$$$:  242-block 10
    $$$$$:  242-block 11
call   21 never executed
        -:  243:    }
        1:  244:}
        1:  244-block  0
------------------
        -:  245:
        4:  246:TEST(convertMessageToArrayTestSuite, startByteTest){
        -:  247:    // create message structure
        -:  248:    Message msg;
        1:  249:    msg.start_byte = MSG_START_BYTE;
        1:  250:    msg.msg_type = MSG_TYPE_INIT;
        1:  251:    uint8_t input_payload[MAX_PAYLOAD_SIZE] = "test";
        1:  252:    msg.length = strlen((char *)input_payload);
        1:  253:    memcpy(msg.payload, input_payload, msg.length);
        1:  254:    msg.checksum = calculate_checksum_helper(msg.msg_type, msg.length, msg.payload);
        1:  255:    msg.end_byte = MSG_END_BYTE;
        -:  256:
        -:  257:    // output buffers
        -:  258:    uint8_t output_buffer[UART_BUFFER_SIZE];
        -:  259:    uint8_t output_length;
        -:  260:
        -:  261:    // convert message to array
        1:  262:    convert_message_to_array(&msg, output_buffer, &output_length);
        -:  263:
        -:  264:    // expected start byte
       1*:  265:    EXPECT_EQ(output_buffer[0], MSG_START_BYTE);
        1:  266:}
------------------
_ZN49convertMessageToArrayTestSuite_startByteTest_TestC1Ev:
function _ZN49convertMessageToArrayTestSuite_startByteTest_TestC1Ev called 1 returned 100% blocks executed 100%
        1:  246:TEST(convertMessageToArrayTestSuite, startByteTest){
        1:  246-block  0
call    0 returned 1
------------------
_ZN49convertMessageToArrayTestSuite_startByteTest_TestD0Ev:
function _ZN49convertMessageToArrayTestSuite_startByteTest_TestD0Ev called 1 returned 100% blocks executed 100%
        1:  246:TEST(convertMessageToArrayTestSuite, startByteTest){
        1:  246-block  0
call    0 returned 1
call    1 returned 1
------------------
_ZN49convertMessageToArrayTestSuite_startByteTest_TestD1Ev:
function _ZN49convertMessageToArrayTestSuite_startByteTest_TestD1Ev called 1 returned 100% blocks executed 100%
        1:  246:TEST(convertMessageToArrayTestSuite, startByteTest){
        1:  246-block  0
call    0 returned 1
------------------
_ZN49convertMessageToArrayTestSuite_startByteTest_Test8TestBodyEv:
function _ZN49convertMessageToArrayTestSuite_startByteTest_Test8TestBodyEv called 1 returned 100% blocks executed 32%
        1:  246:TEST(convertMessageToArrayTestSuite, startByteTest){
        -:  247:    // create message structure
        -:  248:    Message msg;
        1:  249:    msg.start_byte = MSG_START_BYTE;
        1:  250:    msg.msg_type = MSG_TYPE_INIT;
        1:  251:    uint8_t input_payload[MAX_PAYLOAD_SIZE] = "test";
        1:  252:    msg.length = strlen((char *)input_payload);
        1:  253:    memcpy(msg.payload, input_payload, msg.length);
        1:  254:    msg.checksum = calculate_checksum_helper(msg.msg_type, msg.length, msg.payload);
        1:  254-block  0
call    0 returned 1
branch  1 taken 1 (fallthrough)
branch  2 taken 0 (throw)
        1:  255:    msg.end_byte = MSG_END_BYTE;
        -:  256:
        -:  257:    // output buffers
        -:  258:    uint8_t output_buffer[UART_BUFFER_SIZE];
        -:  259:    uint8_t output_length;
        -:  260:
        -:  261:    // convert message to array
        1:  262:    convert_message_to_array(&msg, output_buffer, &output_length);
        1:  262-block  0
call    0 returned 1
branch  1 taken 1 (fallthrough)
branch  2 taken 0 (throw)
        -:  263:
        -:  264:    // expected start byte
       1*:  265:    EXPECT_EQ(output_buffer[0], MSG_START_BYTE);
        1:  265-block  0
call    0 returned 1
branch  1 taken 1 (fallthrough)
branch  2 taken 0 (throw)
        1:  265-block  1
call    3 returned 1
branch  4 taken 0 (fallthrough)
branch  5 taken 1
    %%%%%:  265-block  2
call    6 never executed
branch  7 never executed (fallthrough)
branch  8 never executed (throw)
    %%%%%:  265-block  3
call    9 never executed
call   10 never executed
branch 11 never executed (fallthrough)
branch 12 never executed (throw)
    %%%%%:  265-block  4
call   13 never executed
branch 14 never executed (fallthrough)
branch 15 never executed (throw)
    %%%%%:  265-block  5
call   16 never executed
call   17 never executed
        1:  265-block  6
call   18 returned 1
    $$$$$:  265-block  7
    $$$$$:  265-block  8
call   19 never executed
    $$$$$:  265-block  9
    $$$$$:  265-block 10
call   20 never executed
    $$$$$:  265-block 11
    $$$$$:  265-block 12
call   21 never executed
        1:  266:}
------------------
        -:  267:
        4:  268:TEST(convertMessageToArrayTestSuite, messageTypeTest){
        -:  269:    // create message structure
        -:  270:    Message msg;
        1:  271:    msg.start_byte = MSG_START_BYTE;
        1:  272:    msg.msg_type = MSG_TYPE_INIT;
        1:  273:    uint8_t input_payload[MAX_PAYLOAD_SIZE] = "test";
        1:  274:    msg.length = strlen((char *)input_payload);
        1:  275:    memcpy(msg.payload, input_payload, msg.length);
        1:  276:    msg.checksum = calculate_checksum_helper(msg.msg_type, msg.length, msg.payload);
        1:  277:    msg.end_byte = MSG_END_BYTE;
        -:  278:
        -:  279:    // output buffers
        -:  280:    uint8_t output_buffer[UART_BUFFER_SIZE];
        -:  281:    uint8_t output_length;
        -:  282:
        -:  283:    // convert message to array
        1:  284:    convert_message_to_array(&msg, output_buffer, &output_length);
        -:  285:
        -:  286:    // expected message type
       1*:  287:    EXPECT_EQ(output_buffer[1], MSG_TYPE_INIT);
        1:  288:}
------------------
_ZN51convertMessageToArrayTestSuite_messageTypeTest_TestC1Ev:
function _ZN51convertMessageToArrayTestSuite_messageTypeTest_TestC1Ev called 1 returned 100% blocks executed 100%
        1:  268:TEST(convertMessageToArrayTestSuite, messageTypeTest){
        1:  268-block  0
call    0 returned 1
------------------
_ZN51convertMessageToArrayTestSuite_messageTypeTest_TestD0Ev:
function _ZN51convertMessageToArrayTestSuite_messageTypeTest_TestD0Ev called 1 returned 100% blocks executed 100%
        1:  268:TEST(convertMessageToArrayTestSuite, messageTypeTest){
        1:  268-block  0
call    0 returned 1
call    1 returned 1
------------------
_ZN51convertMessageToArrayTestSuite_messageTypeTest_TestD1Ev:
function _ZN51convertMessageToArrayTestSuite_messageTypeTest_TestD1Ev called 1 returned 100% blocks executed 100%
        1:  268:TEST(convertMessageToArrayTestSuite, messageTypeTest){
        1:  268-block  0
call    0 returned 1
------------------
_ZN51convertMessageToArrayTestSuite_messageTypeTest_Test8TestBodyEv:
function _ZN51convertMessageToArrayTestSuite_messageTypeTest_Test8TestBodyEv called 1 returned 100% blocks executed 32%
        1:  268:TEST(convertMessageToArrayTestSuite, messageTypeTest){
        -:  269:    // create message structure
        -:  270:    Message msg;
        1:  271:    msg.start_byte = MSG_START_BYTE;
        1:  272:    msg.msg_type = MSG_TYPE_INIT;
        1:  273:    uint8_t input_payload[MAX_PAYLOAD_SIZE] = "test";
        1:  274:    msg.length = strlen((char *)input_payload);
        1:  275:    memcpy(msg.payload, input_payload, msg.length);
        1:  276:    msg.checksum = calculate_checksum_helper(msg.msg_type, msg.length, msg.payload);
        1:  276-block  0
call    0 returned 1
branch  1 taken 1 (fallthrough)
branch  2 taken 0 (throw)
        1:  277:    msg.end_byte = MSG_END_BYTE;
        -:  278:
        -:  279:    // output buffers
        -:  280:    uint8_t output_buffer[UART_BUFFER_SIZE];
        -:  281:    uint8_t output_length;
        -:  282:
        -:  283:    // convert message to array
        1:  284:    convert_message_to_array(&msg, output_buffer, &output_length);
        1:  284-block  0
call    0 returned 1
branch  1 taken 1 (fallthrough)
branch  2 taken 0 (throw)
        -:  285:
        -:  286:    // expected message type
       1*:  287:    EXPECT_EQ(output_buffer[1], MSG_TYPE_INIT);
        1:  287-block  0
call    0 returned 1
branch  1 taken 1 (fallthrough)
branch  2 taken 0 (throw)
        1:  287-block  1
call    3 returned 1
branch  4 taken 0 (fallthrough)
branch  5 taken 1
    %%%%%:  287-block  2
call    6 never executed
branch  7 never executed (fallthrough)
branch  8 never executed (throw)
    %%%%%:  287-block  3
call    9 never executed
call   10 never executed
branch 11 never executed (fallthrough)
branch 12 never executed (throw)
    %%%%%:  287-block  4
call   13 never executed
branch 14 never executed (fallthrough)
branch 15 never executed (throw)
    %%%%%:  287-block  5
call   16 never executed
call   17 never executed
        1:  287-block  6
call   18 returned 1
    $$$$$:  287-block  7
    $$$$$:  287-block  8
call   19 never executed
    $$$$$:  287-block  9
    $$$$$:  287-block 10
call   20 never executed
    $$$$$:  287-block 11
    $$$$$:  287-block 12
call   21 never executed
        1:  288:}
------------------
        -:  289:
        4:  290:TEST(convertMessageToArrayTestSuite, messageLengthTest){
        -:  291:    // create message structure
        -:  292:    Message msg;
        1:  293:    msg.start_byte = MSG_START_BYTE;
        1:  294:    msg.msg_type = MSG_TYPE_INIT;
        1:  295:    uint8_t input_payload[MAX_PAYLOAD_SIZE] = "test";
        1:  296:    msg.length = strlen((char *)input_payload);
        1:  297:    memcpy(msg.payload, input_payload, msg.length);
        1:  298:    msg.checksum = calculate_checksum_helper(msg.msg_type, msg.length, msg.payload);
        1:  299:    msg.end_byte = MSG_END_BYTE;
        -:  300:
        -:  301:    // output buffers
        -:  302:    uint8_t output_buffer[UART_BUFFER_SIZE];
        -:  303:    uint8_t output_length;
        -:  304:
        -:  305:    // convert message to array
        1:  306:    convert_message_to_array(&msg, output_buffer, &output_length);
        -:  307:
        -:  308:    // expected length
       1*:  309:    EXPECT_EQ(output_buffer[2], msg.length);
        1:  310:}
------------------
_ZN53convertMessageToArrayTestSuite_messageLengthTest_TestC1Ev:
function _ZN53convertMessageToArrayTestSuite_messageLengthTest_TestC1Ev called 1 returned 100% blocks executed 100%
        1:  290:TEST(convertMessageToArrayTestSuite, messageLengthTest){
        1:  290-block  0
call    0 returned 1
------------------
_ZN53convertMessageToArrayTestSuite_messageLengthTest_TestD0Ev:
function _ZN53convertMessageToArrayTestSuite_messageLengthTest_TestD0Ev called 1 returned 100% blocks executed 100%
        1:  290:TEST(convertMessageToArrayTestSuite, messageLengthTest){
        1:  290-block  0
call    0 returned 1
call    1 returned 1
------------------
_ZN53convertMessageToArrayTestSuite_messageLengthTest_TestD1Ev:
function _ZN53convertMessageToArrayTestSuite_messageLengthTest_TestD1Ev called 1 returned 100% blocks executed 100%
        1:  290:TEST(convertMessageToArrayTestSuite, messageLengthTest){
        1:  290-block  0
call    0 returned 1
------------------
_ZN53convertMessageToArrayTestSuite_messageLengthTest_Test8TestBodyEv:
[...]
call   13 never executed
branch 14 never executed (fallthrough)
branch 15 never executed (throw)
    %%%%%: 1383-block  5
call   16 never executed
branch 17 never executed (fallthrough)
branch 18 never executed (throw)
    %%%%%: 1383-block  6
call   19 never executed
call   20 never executed
        1: 1383-block  7
call   21 returned 1
    $$$$$: 1383-block  8
call   22 never executed
    $$$$$: 1383-block  9
    $$$$$: 1383-block 10
call   23 never executed
    $$$$$: 1383-block 11
    $$$$$: 1383-block 12
call   24 never executed
        1: 1384:}
------------------
        -: 1385:
        4: 1386:TEST(FrequencyCalculationTest, SmallPeriod) {
        1: 1387:    float period = 12;
        1: 1388:    float expected_frequency = 333333.333333;
       1*: 1389:    EXPECT_FLOAT_EQ(calculateFrequency(period), expected_frequency);
        1: 1390:}
------------------
_ZN41FrequencyCalculationTest_SmallPeriod_TestC1Ev:
function _ZN41FrequencyCalculationTest_SmallPeriod_TestC1Ev called 1 returned 100% blocks executed 100%
        1: 1386:TEST(FrequencyCalculationTest, SmallPeriod) {
        1: 1386-block  0
call    0 returned 1
------------------
_ZN41FrequencyCalculationTest_SmallPeriod_TestD0Ev:
function _ZN41FrequencyCalculationTest_SmallPeriod_TestD0Ev called 1 returned 100% blocks executed 100%
        1: 1386:TEST(FrequencyCalculationTest, SmallPeriod) {
        1: 1386-block  0
call    0 returned 1
call    1 returned 1
------------------
_ZN41FrequencyCalculationTest_SmallPeriod_TestD1Ev:
function _ZN41FrequencyCalculationTest_SmallPeriod_TestD1Ev called 1 returned 100% blocks executed 100%
        1: 1386:TEST(FrequencyCalculationTest, SmallPeriod) {
        1: 1386-block  0
call    0 returned 1
------------------
_ZN41FrequencyCalculationTest_SmallPeriod_Test8TestBodyEv:
function _ZN41FrequencyCalculationTest_SmallPeriod_Test8TestBodyEv called 1 returned 100% blocks executed 32%
        1: 1386:TEST(FrequencyCalculationTest, SmallPeriod) {
        1: 1387:    float period = 12;
        1: 1388:    float expected_frequency = 333333.333333;
       1*: 1389:    EXPECT_FLOAT_EQ(calculateFrequency(period), expected_frequency);
        1: 1389-block  0
call    0 returned 1
branch  1 taken 1 (fallthrough)
branch  2 taken 0 (throw)
        1: 1389-block  1
call    3 returned 1
branch  4 taken 1 (fallthrough)
branch  5 taken 0 (throw)
        1: 1389-block  2
call    6 returned 1
branch  7 taken 0 (fallthrough)
branch  8 taken 1
    %%%%%: 1389-block  3
call    9 never executed
branch 10 never executed (fallthrough)
branch 11 never executed (throw)
    %%%%%: 1389-block  4
call   12 never executed
call   13 never executed
branch 14 never executed (fallthrough)
branch 15 never executed (throw)
    %%%%%: 1389-block  5
call   16 never executed
branch 17 never executed (fallthrough)
branch 18 never executed (throw)
    %%%%%: 1389-block  6
call   19 never executed
call   20 never executed
        1: 1389-block  7
call   21 returned 1
    $$$$$: 1389-block  8
call   22 never executed
    $$$$$: 1389-block  9
    $$$$$: 1389-block 10
call   23 never executed
    $$$$$: 1389-block 11
    $$$$$: 1389-block 12
call   24 never executed
        1: 1390:}
------------------
        -: 1391:
        -: 1392:// Test cases for frequency_to_temperature function
        4: 1393:TEST(FrequencyToTemperatureTest, ZeroFrequency) {
        1: 1394:    float frequency = 0.0;
        1: 1395:    float expected_temperature = -99.0; // result from (1/0 - 1000) / 3.85, where 1/0 is theoretically infinite
       1*: 1396:    EXPECT_FLOAT_EQ(frequency_to_temperature(frequency), expected_temperature);
        1: 1397:}
------------------
_ZN45FrequencyToTemperatureTest_ZeroFrequency_TestC1Ev:
function _ZN45FrequencyToTemperatureTest_ZeroFrequency_TestC1Ev called 1 returned 100% blocks executed 100%
        1: 1393:TEST(FrequencyToTemperatureTest, ZeroFrequency) {
        1: 1393-block  0
call    0 returned 1
------------------
_ZN45FrequencyToTemperatureTest_ZeroFrequency_TestD0Ev:
function _ZN45FrequencyToTemperatureTest_ZeroFrequency_TestD0Ev called 1 returned 100% blocks executed 100%
        1: 1393:TEST(FrequencyToTemperatureTest, ZeroFrequency) {
        1: 1393-block  0
call    0 returned 1
call    1 returned 1
------------------
_ZN45FrequencyToTemperatureTest_ZeroFrequency_TestD1Ev:
function _ZN45FrequencyToTemperatureTest_ZeroFrequency_TestD1Ev called 1 returned 100% blocks executed 100%
        1: 1393:TEST(FrequencyToTemperatureTest, ZeroFrequency) {
        1: 1393-block  0
call    0 returned 1
------------------
_ZN45FrequencyToTemperatureTest_ZeroFrequency_Test8TestBodyEv:
function _ZN45FrequencyToTemperatureTest_ZeroFrequency_Test8TestBodyEv called 1 returned 100% blocks executed 32%
        1: 1393:TEST(FrequencyToTemperatureTest, ZeroFrequency) {
        1: 1394:    float frequency = 0.0;
        1: 1395:    float expected_temperature = -99.0; // result from (1/0 - 1000) / 3.85, where 1/0 is theoretically infinite
       1*: 1396:    EXPECT_FLOAT_EQ(frequency_to_temperature(frequency), expected_temperature);
        1: 1396-block  0
call    0 returned 1
branch  1 taken 1 (fallthrough)
branch  2 taken 0 (throw)
        1: 1396-block  1
call    3 returned 1
branch  4 taken 1 (fallthrough)
branch  5 taken 0 (throw)
        1: 1396-block  2
call    6 returned 1
branch  7 taken 0 (fallthrough)
branch  8 taken 1
    %%%%%: 1396-block  3
call    9 never executed
branch 10 never executed (fallthrough)
branch 11 never executed (throw)
    %%%%%: 1396-block  4
call   12 never executed
call   13 never executed
branch 14 never executed (fallthrough)
branch 15 never executed (throw)
    %%%%%: 1396-block  5
call   16 never executed
branch 17 never executed (fallthrough)
branch 18 never executed (throw)
    %%%%%: 1396-block  6
call   19 never executed
call   20 never executed
        1: 1396-block  7
call   21 returned 1
    $$$$$: 1396-block  8
call   22 never executed
    $$$$$: 1396-block  9
    $$$$$: 1396-block 10
call   23 never executed
    $$$$$: 1396-block 11
    $$$$$: 1396-block 12
call   24 never executed
        1: 1397:}
------------------
        -: 1398:
        4: 1399:TEST(FrequencyToTemperatureTest, PositiveFrequency) {
        1: 1400:    float frequency = 2000000.0;
        1: 1401:    float expected_temperature = -99.0;
       1*: 1402:    EXPECT_FLOAT_EQ(frequency_to_temperature(frequency), expected_temperature);
        1: 1403:}
------------------
_ZN49FrequencyToTemperatureTest_PositiveFrequency_TestC1Ev:
function _ZN49FrequencyToTemperatureTest_PositiveFrequency_TestC1Ev called 1 returned 100% blocks executed 100%
        1: 1399:TEST(FrequencyToTemperatureTest, PositiveFrequency) {
        1: 1399-block  0
call    0 returned 1
------------------
_ZN49FrequencyToTemperatureTest_PositiveFrequency_TestD0Ev:
function _ZN49FrequencyToTemperatureTest_PositiveFrequency_TestD0Ev called 1 returned 100% blocks executed 100%
        1: 1399:TEST(FrequencyToTemperatureTest, PositiveFrequency) {
        1: 1399-block  0
call    0 returned 1
call    1 returned 1
------------------
_ZN49FrequencyToTemperatureTest_PositiveFrequency_TestD1Ev:
function _ZN49FrequencyToTemperatureTest_PositiveFrequency_TestD1Ev called 1 returned 100% blocks executed 100%
        1: 1399:TEST(FrequencyToTemperatureTest, PositiveFrequency) {
        1: 1399-block  0
call    0 returned 1
------------------
_ZN49FrequencyToTemperatureTest_PositiveFrequency_Test8TestBodyEv:
function _ZN49FrequencyToTemperatureTest_PositiveFrequency_Test8TestBodyEv called 1 returned 100% blocks executed 32%
        1: 1399:TEST(FrequencyToTemperatureTest, PositiveFrequency) {
        1: 1400:    float frequency = 2000000.0;
        1: 1401:    float expected_temperature = -99.0;
       1*: 1402:    EXPECT_FLOAT_EQ(frequency_to_temperature(frequency), expected_temperature);
        1: 1402-block  0
call    0 returned 1
branch  1 taken 1 (fallthrough)
branch  2 taken 0 (throw)
        1: 1402-block  1
call    3 returned 1
branch  4 taken 1 (fallthrough)
branch  5 taken 0 (throw)
        1: 1402-block  2
call    6 returned 1
branch  7 taken 0 (fallthrough)
branch  8 taken 1
    %%%%%: 1402-block  3
call    9 never executed
branch 10 never executed (fallthrough)
branch 11 never executed (throw)
    %%%%%: 1402-block  4
call   12 never executed
call   13 never executed
branch 14 never executed (fallthrough)
branch 15 never executed (throw)
    %%%%%: 1402-block  5
call   16 never executed
branch 17 never executed (fallthrough)
branch 18 never executed (throw)
    %%%%%: 1402-block  6
call   19 never executed
call   20 never executed
        1: 1402-block  7
call   21 returned 1
    $$$$$: 1402-block  8
call   22 never executed
    $$$$$: 1402-block  9
    $$$$$: 1402-block 10
call   23 never executed
    $$$$$: 1402-block 11
    $$$$$: 1402-block 12
call   24 never executed
        1: 1403:}
------------------
        -: 1404:
        4: 1405:TEST(FrequencyToTemperatureTest, SmallFrequency) {
        1: 1406:    float frequency = 1.0;
        1: 1407:    float expected_temperature = -99.0;
       1*: 1408:    EXPECT_FLOAT_EQ(frequency_to_temperature(frequency), expected_temperature);
        1: 1409:}
------------------
_ZN46FrequencyToTemperatureTest_SmallFrequency_TestC1Ev:
function _ZN46FrequencyToTemperatureTest_SmallFrequency_TestC1Ev called 1 returned 100% blocks executed 100%
        1: 1405:TEST(FrequencyToTemperatureTest, SmallFrequency) {
        1: 1405-block  0
call    0 returned 1
------------------
_ZN46FrequencyToTemperatureTest_SmallFrequency_TestD0Ev:
function _ZN46FrequencyToTemperatureTest_SmallFrequency_TestD0Ev called 1 returned 100% blocks executed 100%
        1: 1405:TEST(FrequencyToTemperatureTest, SmallFrequency) {
        1: 1405-block  0
call    0 returned 1
call    1 returned 1
------------------
_ZN46FrequencyToTemperatureTest_SmallFrequency_TestD1Ev:
function _ZN46FrequencyToTemperatureTest_SmallFrequency_TestD1Ev called 1 returned 100% blocks executed 100%
        1: 1405:TEST(FrequencyToTemperatureTest, SmallFrequency) {
        1: 1405-block  0
call    0 returned 1
------------------
_ZN46FrequencyToTemperatureTest_SmallFrequency_Test8TestBodyEv:
function _ZN46FrequencyToTemperatureTest_SmallFrequency_Test8TestBodyEv called 1 returned 100% blocks executed 32%
        1: 1405:TEST(FrequencyToTemperatureTest, SmallFrequency) {
        1: 1406:    float frequency = 1.0;
        1: 1407:    float expected_temperature = -99.0;
       1*: 1408:    EXPECT_FLOAT_EQ(frequency_to_temperature(frequency), expected_temperature);
        1: 1408-block  0
call    0 returned 1
branch  1 taken 1 (fallthrough)
branch  2 taken 0 (throw)
        1: 1408-block  1
call    3 returned 1
branch  4 taken 1 (fallthrough)
branch  5 taken 0 (throw)
        1: 1408-block  2
call    6 returned 1
branch  7 taken 0 (fallthrough)
branch  8 taken 1
    %%%%%: 1408-block  3
call    9 never executed
branch 10 never executed (fallthrough)
branch 11 never executed (throw)
    %%%%%: 1408-block  4
call   12 never executed
call   13 never executed
branch 14 never executed (fallthrough)
branch 15 never executed (throw)
    %%%%%: 1408-block  5
call   16 never executed
branch 17 never executed (fallthrough)
branch 18 never executed (throw)
    %%%%%: 1408-block  6
call   19 never executed
call   20 never executed
        1: 1408-block  7
call   21 returned 1
    $$$$$: 1408-block  8
call   22 never executed
    $$$$$: 1408-block  9
    $$$$$: 1408-block 10
call   23 never executed
    $$$$$: 1408-block 11
    $$$$$: 1408-block 12
call   24 never executed
        1: 1409:}
------------------
        -: 1410:
        4: 1411:TEST(FrequencyToTemperatureTest, FrequencyInRange) {
        1: 1412:    float frequency = 150;
        1: 1413:    float expected_temperature = 710.77972;
       1*: 1414:    EXPECT_FLOAT_EQ(frequency_to_temperature(frequency), expected_temperature);
        1: 1415:}
------------------
_ZN48FrequencyToTemperatureTest_FrequencyInRange_TestC1Ev:
function _ZN48FrequencyToTemperatureTest_FrequencyInRange_TestC1Ev called 1 returned 100% blocks executed 100%
        1: 1411:TEST(FrequencyToTemperatureTest, FrequencyInRange) {
        1: 1411-block  0
call    0 returned 1
------------------
_ZN48FrequencyToTemperatureTest_FrequencyInRange_TestD0Ev:
function _ZN48FrequencyToTemperatureTest_FrequencyInRange_TestD0Ev called 1 returned 100% blocks executed 100%
        1: 1411:TEST(FrequencyToTemperatureTest, FrequencyInRange) {
        1: 1411-block  0
call    0 returned 1
call    1 returned 1
------------------
_ZN48FrequencyToTemperatureTest_FrequencyInRange_TestD1Ev:
function _ZN48FrequencyToTemperatureTest_FrequencyInRange_TestD1Ev called 1 returned 100% blocks executed 100%
        1: 1411:TEST(FrequencyToTemperatureTest, FrequencyInRange) {
        1: 1411-block  0
call    0 returned 1
------------------
_ZN48FrequencyToTemperatureTest_FrequencyInRange_Test8TestBodyEv:
function _ZN48FrequencyToTemperatureTest_FrequencyInRange_Test8TestBodyEv called 1 returned 100% blocks executed 32%
        1: 1411:TEST(FrequencyToTemperatureTest, FrequencyInRange) {
        1: 1412:    float frequency = 150;
        1: 1413:    float expected_temperature = 710.77972;
       1*: 1414:    EXPECT_FLOAT_EQ(frequency_to_temperature(frequency), expected_temperature);
        1: 1414-block  0
call    0 returned 1
branch  1 taken 1 (fallthrough)
branch  2 taken 0 (throw)
        1: 1414-block  1
call    3 returned 1
branch  4 taken 1 (fallthrough)
branch  5 taken 0 (throw)
        1: 1414-block  2
call    6 returned 1
branch  7 taken 0 (fallthrough)
branch  8 taken 1
    %%%%%: 1414-block  3
call    9 never executed
branch 10 never executed (fallthrough)
branch 11 never executed (throw)
    %%%%%: 1414-block  4
call   12 never executed
call   13 never executed
branch 14 never executed (fallthrough)
branch 15 never executed (throw)
    %%%%%: 1414-block  5
call   16 never executed
branch 17 never executed (fallthrough)
branch 18 never executed (throw)
    %%%%%: 1414-block  6
call   19 never executed
call   20 never executed
        1: 1414-block  7
call   21 returned 1
    $$$$$: 1414-block  8
call   22 never executed
    $$$$$: 1414-block  9
    $$$$$: 1414-block 10
call   23 never executed
    $$$$$: 1414-block 11
    $$$$$: 1414-block 12
call   24 never executed
        1: 1415:}
------------------
        -: 1416:
        4: 1417:TEST(FrequencyToTemperatureTest, FrequencyInRange2) {
        1: 1418:    float frequency = 600;
        1: 1419:    float expected_temperature = -17.110262;
       1*: 1420:    EXPECT_FLOAT_EQ(frequency_to_temperature(frequency), expected_temperature);
        1: 1421:}
------------------
_ZN49FrequencyToTemperatureTest_FrequencyInRange2_TestC1Ev:
function _ZN49FrequencyToTemperatureTest_FrequencyInRange2_TestC1Ev called 1 returned 100% blocks executed 100%
        1: 1417:TEST(FrequencyToTemperatureTest, FrequencyInRange2) {
        1: 1417-block  0
call    0 returned 1
------------------
_ZN49FrequencyToTemperatureTest_FrequencyInRange2_TestD0Ev:
function _ZN49FrequencyToTemperatureTest_FrequencyInRange2_TestD0Ev called 1 returned 100% blocks executed 100%
        1: 1417:TEST(FrequencyToTemperatureTest, FrequencyInRange2) {
        1: 1417-block  0
call    0 returned 1
call    1 returned 1
------------------
_ZN49FrequencyToTemperatureTest_FrequencyInRange2_TestD1Ev:
function _ZN49FrequencyToTemperatureTest_FrequencyInRange2_TestD1Ev called 1 returned 100% blocks executed 100%
        1: 1417:TEST(FrequencyToTemperatureTest, FrequencyInRange2) {
        1: 1417-block  0
call    0 returned 1
------------------
_ZN49FrequencyToTemperatureTest_FrequencyInRange2_Test8TestBodyEv:
function _ZN49FrequencyToTemperatureTest_FrequencyInRange2_Test8TestBodyEv called 1 returned 100% blocks executed 32%
        1: 1417:TEST(FrequencyToTemperatureTest, FrequencyInRange2) {
        1: 1418:    float frequency = 600;
        1: 1419:    float expected_temperature = -17.110262;
       1*: 1420:    EXPECT_FLOAT_EQ(frequency_to_temperature(frequency), expected_temperature);
        1: 1420-block  0
call    0 returned 1
branch  1 taken 1 (fallthrough)
branch  2 taken 0 (throw)
        1: 1420-block  1
call    3 returned 1
branch  4 taken 1 (fallthrough)
branch  5 taken 0 (throw)
        1: 1420-block  2
call    6 returned 1
branch  7 taken 0 (fallthrough)
branch  8 taken 1
    %%%%%: 1420-block  3
call    9 never executed
branch 10 never executed (fallthrough)
branch 11 never executed (throw)
    %%%%%: 1420-block  4
call   12 never executed
call   13 never executed
branch 14 never executed (fallthrough)
branch 15 never executed (throw)
    %%%%%: 1420-block  5
call   16 never executed
branch 17 never executed (fallthrough)
branch 18 never executed (throw)
    %%%%%: 1420-block  6
call   19 never executed
call   20 never executed
        1: 1420-block  7
call   21 returned 1
    $$$$$: 1420-block  8
call   22 never executed
    $$$$$: 1420-block  9
    $$$$$: 1420-block 10
call   23 never executed
    $$$$$: 1420-block 11
    $$$$$: 1420-block 12
call   24 never executed
        1: 1421:}
------------------
        -: 1422:
        4: 1423:TEST(FrequencyToTemperatureTest, FrequencyInRange3) {
        1: 1424:    float frequency = 800;
        1: 1425:    float expected_temperature = -77.767761;
       1*: 1426:    EXPECT_FLOAT_EQ(frequency_to_temperature(frequency), expected_temperature);
        1: 1427:}
------------------
_ZN49FrequencyToTemperatureTest_FrequencyInRange3_TestC1Ev:
function _ZN49FrequencyToTemperatureTest_FrequencyInRange3_TestC1Ev called 1 returned 100% blocks executed 100%
        1: 1423:TEST(FrequencyToTemperatureTest, FrequencyInRange3) {
        1: 1423-block  0
call    0 returned 1
------------------
_ZN49FrequencyToTemperatureTest_FrequencyInRange3_TestD0Ev:
function _ZN49FrequencyToTemperatureTest_FrequencyInRange3_TestD0Ev called 1 returned 100% blocks executed 100%
        1: 1423:TEST(FrequencyToTemperatureTest, FrequencyInRange3) {
        1: 1423-block  0
call    0 returned 1
call    1 returned 1
------------------
_ZN49FrequencyToTemperatureTest_FrequencyInRange3_TestD1Ev:
function _ZN49FrequencyToTemperatureTest_FrequencyInRange3_TestD1Ev called 1 returned 100% blocks executed 100%
        1: 1423:TEST(FrequencyToTemperatureTest, FrequencyInRange3) {
        1: 1423-block  0
call    0 returned 1
------------------
_ZN49FrequencyToTemperatureTest_FrequencyInRange3_Test8TestBodyEv:
function _ZN49FrequencyToTemperatureTest_FrequencyInRange3_Test8TestBodyEv called 1 returned 100% blocks executed 32%
        1: 1423:TEST(FrequencyToTemperatureTest, FrequencyInRange3) {
        1: 1424:    float frequency = 800;
        1: 1425:    float expected_temperature = -77.767761;
       1*: 1426:    EXPECT_FLOAT_EQ(frequency_to_temperature(frequency), expected_temperature);
        1: 1426-block  0
call    0 returned 1
branch  1 taken 1 (fallthrough)
branch  2 taken 0 (throw)
        1: 1426-block  1
call    3 returned 1
branch  4 taken 1 (fallthrough)
branch  5 taken 0 (throw)
        1: 1426-block  2
call    6 returned 1
branch  7 taken 0 (fallthrough)
branch  8 taken 1
    %%%%%: 1426-block  3
call    9 never executed
branch 10 never executed (fallthrough)
branch 11 never executed (throw)
    %%%%%: 1426-block  4
call   12 never executed
call   13 never executed
branch 14 never executed (fallthrough)
branch 15 never executed (throw)
    %%%%%: 1426-block  5
call   16 never executed
branch 17 never executed (fallthrough)
branch 18 never executed (throw)
    %%%%%: 1426-block  6
call   19 never executed
call   20 never executed
        1: 1426-block  7
call   21 returned 1
    $$$$$: 1426-block  8
call   22 never executed
    $$$$$: 1426-block  9
    $$$$$: 1426-block 10
call   23 never executed
    $$$$$: 1426-block 11
    $$$$$: 1426-block 12
call   24 never executed
        1: 1427:}
------------------
        -: 1428:
        -: 1429:
