"C:\Program Files\JetBrains\CLion 2024.1.3\bin\cmake\win\x64\bin\cmake.exe" -DCMAKE_BUILD_TYPE=Debug "-DCMAKE_MAKE_PROGRAM=C:/Program Files/JetBrains/CLion 2024.1.3/bin/ninja/win/x64/ninja.exe" "-DCMAKE_CXX_FLAGS=-fcoverage-mapping -fprofile-instr-generate" "-DCMAKE_C_FLAGS=-fcoverage-mapping -fprofile-instr-generate" -G Ninja -S C:\Users\henri\Documents\GitHub\BAP-Rover-Deployment-Software-System\test\TestingRepositoryBEP -B C:\Users\henri\Documents\GitHub\BAP-Rover-Deployment-Software-System\test\TestingRepositoryBEP\cmake-build-debug-coverage
-- The C compiler identification is GNU 13.1.0
-- The CXX compiler identification is GNU 13.1.0
-- Detecting C compiler ABI info
-- Detecting C compiler ABI info - failed
-- Check for working C compiler: C:/Program Files/JetBrains/CLion 2024.1.3/bin/mingw/bin/gcc.exe
-- Check for working C compiler: C:/Program Files/JetBrains/CLion 2024.1.3/bin/mingw/bin/gcc.exe - broken
CMake Error at C:/Program Files/JetBrains/CLion 2024.1.3/bin/cmake/win/x64/share/cmake-3.28/Modules/CMakeTestCCompiler.cmake:67 (message):
  The C compiler

    "C:/Program Files/JetBrains/CLion 2024.1.3/bin/mingw/bin/gcc.exe"

  is not able to compile a simple test program.

  It fails with the following output:

    Change Dir: 'C:/Users/henri/Documents/GitHub/BAP-Rover-Deployment-Software-System/test/TestingRepositoryBEP/cmake-build-debug-coverage/CMakeFiles/CMakeScratch/TryCompile-vcg0a2'
    
    Run Build Command(s): "C:/Program Files/JetBrains/CLion 2024.1.3/bin/ninja/win/x64/ninja.exe" -v cmTC_06364
    [1/2] C:\PROGRA~1\JETBRA~1\CLION2~1.3\bin\mingw\bin\gcc.exe   -fcoverage-mapping -fprofile-instr-generate  -fdiagnostics-color=always -o CMakeFiles/cmTC_06364.dir/testCCompiler.c.obj -c C:/Users/henri/Documents/GitHub/BAP-Rover-Deployment-Software-System/test/TestingRepositoryBEP/cmake-build-debug-coverage/CMakeFiles/CMakeScratch/TryCompile-vcg0a2/testCCompiler.c
    FAILED: CMakeFiles/cmTC_06364.dir/testCCompiler.c.obj 
    C:\PROGRA~1\JETBRA~1\CLION2~1.3\bin\mingw\bin\gcc.exe   -fcoverage-mapping -fprofile-instr-generate  -fdiagnostics-color=always -o CMakeFiles/cmTC_06364.dir/testCCompiler.c.obj -c C:/Users/henri/Documents/GitHub/BAP-Rover-Deployment-Software-System/test/TestingRepositoryBEP/cmake-build-debug-coverage/CMakeFiles/CMakeScratch/TryCompile-vcg0a2/testCCompiler.c
    gcc.exe: error: unrecognized command-line option '-fcoverage-mapping'
    gcc.exe: error: unrecognized command-line option '-fprofile-instr-generate'; did you mean '-fprofile-generate'?
    ninja: build stopped: subcommand failed.
    
    

  

  CMake will not be able to correctly generate this project.
Call Stack (most recent call first):
  CMakeLists.txt:2 (project)


-- Configuring incomplete, errors occurred!
